<?xml version="1.0" encoding="UTF-8"?>
<testsuite name="runners.TiendaExitoRunner" tests="1" skipped="0" failures="1" errors="0" timestamp="2023-04-24T15:01:44" hostname="DESKTOP-1N8HQUP" time="39.686">
  <properties/>
  <testcase name="El robot selecciona aleatoriamente 5 productos de una categoría y subcategoría específicas" classname="runners.TiendaExitoRunner" time="39.686">
    <failure message="org.openqa.selenium.ElementClickInterceptedException: element click intercepted: Element &lt;span class=&quot;w-100 h-100&quot;&gt;...&lt;/span&gt; is not clickable at point (598, 21). Other element would receive the click: &lt;input class=&quot;vtex-styleguide-9-x-input ma0 border-box vtex-styleguide-9-x-hideDecorators vtex-styleguide-9-x-noAppearance br2  br-0 br--left  w-100 bn outline-0 bg-base c-on-base b--muted-4 hover-b--muted-3 t-body pl5 &quot; autocomplete=&quot;off&quot; placeholder=&quot;Buscar en exito.com&quot; type=&quot;text&quot; id=&quot;downshift-1-input&quot; value=&quot;&quot;&gt;&#10;  (Session info: chrome=112.0.5615.138)&#10;Build info: version: '4.3.0', revision: 'a4995e2c09*'&#10;System info: host: 'DESKTOP-1N8HQUP', ip: '192.168.1.104', os.name: 'Windows 10', os.arch: 'amd64', os.version: '10.0', java.version: '11.0.12'&#10;Driver info: org.openqa.selenium.chrome.ChromeDriver&#10;Command: [247ce7be8a1237cabf02c09d2a409ca4, clickElement {id=4af683ba-963b-427c-81d3-25576068c02b}]&#10;Capabilities {acceptInsecureCerts: false, browserName: chrome, browserVersion: 112.0.5615.138, chrome: {chromedriverVersion: 112.0.5615.49 (bd2a7bcb881c..., userDataDir: C:\Users\USER\AppData\Local...}, goog:chromeOptions: {debuggerAddress: localhost:53510}, networkConnectionEnabled: false, pageLoadStrategy: normal, platformName: WINDOWS, proxy: Proxy(), se:cdp: ws://localhost:53510/devtoo..., se:cdpVersion: 112.0.5615.138, setWindowRect: true, strictFileInteractability: false, timeouts: {implicit: 0, pageLoad: 300000, script: 30000}, unhandledPromptBehavior: dismiss and notify, webauthn:extension:credBlob: true, webauthn:extension:largeBlob: true, webauthn:extension:minPinLength: true, webauthn:extension:prf: true, webauthn:virtualAuthenticators: true}&#10;Element: [[ChromeDriver: chrome on WINDOWS (247ce7be8a1237cabf02c09d2a409ca4)] -&gt; xpath: //span[contains(@class,'w-100 h-100')][normalize-space()='Compra rápida']]&#10;Session ID: 247ce7be8a1237cabf02c09d2a409ca4" type="org.openqa.selenium.ElementClickInterceptedException">org.openqa.selenium.ElementClickInterceptedException: element click intercepted: Element &lt;span class=&quot;w-100 h-100&quot;&gt;...&lt;/span&gt; is not clickable at point (598, 21). Other element would receive the click: &lt;input class=&quot;vtex-styleguide-9-x-input ma0 border-box vtex-styleguide-9-x-hideDecorators vtex-styleguide-9-x-noAppearance br2  br-0 br--left  w-100 bn outline-0 bg-base c-on-base b--muted-4 hover-b--muted-3 t-body pl5 &quot; autocomplete=&quot;off&quot; placeholder=&quot;Buscar en exito.com&quot; type=&quot;text&quot; id=&quot;downshift-1-input&quot; value=&quot;&quot;&gt;
  (Session info: chrome=112.0.5615.138)
Build info: version: '4.3.0', revision: 'a4995e2c09*'
System info: host: 'DESKTOP-1N8HQUP', ip: '192.168.1.104', os.name: 'Windows 10', os.arch: 'amd64', os.version: '10.0', java.version: '11.0.12'
Driver info: org.openqa.selenium.chrome.ChromeDriver
Command: [247ce7be8a1237cabf02c09d2a409ca4, clickElement {id=4af683ba-963b-427c-81d3-25576068c02b}]
Capabilities {acceptInsecureCerts: false, browserName: chrome, browserVersion: 112.0.5615.138, chrome: {chromedriverVersion: 112.0.5615.49 (bd2a7bcb881c..., userDataDir: C:\Users\USER\AppData\Local...}, goog:chromeOptions: {debuggerAddress: localhost:53510}, networkConnectionEnabled: false, pageLoadStrategy: normal, platformName: WINDOWS, proxy: Proxy(), se:cdp: ws://localhost:53510/devtoo..., se:cdpVersion: 112.0.5615.138, setWindowRect: true, strictFileInteractability: false, timeouts: {implicit: 0, pageLoad: 300000, script: 30000}, unhandledPromptBehavior: dismiss and notify, webauthn:extension:credBlob: true, webauthn:extension:largeBlob: true, webauthn:extension:minPinLength: true, webauthn:extension:prf: true, webauthn:virtualAuthenticators: true}
Element: [[ChromeDriver: chrome on WINDOWS (247ce7be8a1237cabf02c09d2a409ca4)] -&gt; xpath: //span[contains(@class,'w-100 h-100')][normalize-space()='Compra rápida']]
Session ID: 247ce7be8a1237cabf02c09d2a409ca4
	at java.base@11.0.12/jdk.internal.reflect.NativeConstructorAccessorImpl.newInstance0(Native Method)
	at java.base@11.0.12/jdk.internal.reflect.NativeConstructorAccessorImpl.newInstance(NativeConstructorAccessorImpl.java:62)
	at java.base@11.0.12/jdk.internal.reflect.DelegatingConstructorAccessorImpl.newInstance(DelegatingConstructorAccessorImpl.java:45)
	at java.base@11.0.12/java.lang.reflect.Constructor.newInstance(Constructor.java:490)
	at app//org.openqa.selenium.remote.codec.w3c.W3CHttpResponseCodec.createException(W3CHttpResponseCodec.java:200)
	at app//org.openqa.selenium.remote.codec.w3c.W3CHttpResponseCodec.decode(W3CHttpResponseCodec.java:133)
	at app//org.openqa.selenium.remote.codec.w3c.W3CHttpResponseCodec.decode(W3CHttpResponseCodec.java:53)
	at app//org.openqa.selenium.remote.HttpCommandExecutor.execute(HttpCommandExecutor.java:184)
	at app//org.openqa.selenium.remote.service.DriverCommandExecutor.invokeExecute(DriverCommandExecutor.java:167)
	at app//org.openqa.selenium.remote.service.DriverCommandExecutor.execute(DriverCommandExecutor.java:142)
	at app//org.openqa.selenium.remote.RemoteWebDriver.execute(RemoteWebDriver.java:569)
	at app//org.openqa.selenium.remote.RemoteWebElement.execute(RemoteWebElement.java:257)
	at app//org.openqa.selenium.remote.RemoteWebElement.click(RemoteWebElement.java:78)
	at app//net.serenitybdd.core.pages.WebElementFacadeImpl.click(WebElementFacadeImpl.java:1207)
	at app//net.serenitybdd.screenplay.actions.ClickOnElement.performAs(ClickOnElement.java:12)
	at app//net.serenitybdd.screenplay.actions.ClickOnElement$ByteBuddy$cba9Kdq0.performAs$accessor$0hBV2Six(Unknown Source)
	at java.base@11.0.12/jdk.internal.reflect.NativeMethodAccessorImpl.invoke0(Native Method)
	at java.base@11.0.12/jdk.internal.reflect.NativeMethodAccessorImpl.invoke(NativeMethodAccessorImpl.java:62)
	at java.base@11.0.12/jdk.internal.reflect.DelegatingMethodAccessorImpl.invoke(DelegatingMethodAccessorImpl.java:43)
	at java.base@11.0.12/java.lang.reflect.Method.invoke(Method.java:566)
	at app//net.thucydides.core.steps.StepInterceptor.invokeMethod(StepInterceptor.java:503)
	at app//net.thucydides.core.steps.StepInterceptor.executeTestStepMethod(StepInterceptor.java:483)
	at app//net.thucydides.core.steps.StepInterceptor.runTestStep(StepInterceptor.java:457)
	at app//net.thucydides.core.steps.StepInterceptor.runOrSkipMethod(StepInterceptor.java:209)
	at app//net.thucydides.core.steps.StepInterceptor.testStepResult(StepInterceptor.java:196)
	at app//net.thucydides.core.steps.StepInterceptor.intercept(StepInterceptor.java:84)
	at app//net.thucydides.core.steps.ProxyConfiguration$InterceptorDispatcher.intercept(ProxyConfiguration.java:51)
	at app//net.serenitybdd.screenplay.actions.ClickOnElement$ByteBuddy$cba9Kdq0.performAs(Unknown Source)
	at app//net.serenitybdd.screenplay.Actor.performTask(Actor.java:283)
	at app//net.serenitybdd.screenplay.Actor.perform(Actor.java:262)
	at app//net.serenitybdd.screenplay.Actor.attemptsTo(Actor.java:203)
	at app//net.serenitybdd.screenplay.Actor.attemptsTo(Actor.java:210)
	at app//tasks.TiendasExitoProductSelectionTasks.performAs(TiendasExitoProductSelectionTasks.java:40)
	at app//tasks.TiendasExitoProductSelectionTasks$ByteBuddy$TOcZLzc6.performAs$accessor$dF10bt1I(Unknown Source)
	at java.base@11.0.12/jdk.internal.reflect.NativeMethodAccessorImpl.invoke0(Native Method)
	at java.base@11.0.12/jdk.internal.reflect.NativeMethodAccessorImpl.invoke(NativeMethodAccessorImpl.java:62)
	at java.base@11.0.12/jdk.internal.reflect.DelegatingMethodAccessorImpl.invoke(DelegatingMethodAccessorImpl.java:43)
	at java.base@11.0.12/java.lang.reflect.Method.invoke(Method.java:566)
	at app//net.thucydides.core.steps.StepInterceptor.invokeMethod(StepInterceptor.java:503)
	at app//net.thucydides.core.steps.StepInterceptor.executeTestStepMethod(StepInterceptor.java:483)
	at app//net.thucydides.core.steps.StepInterceptor.runTestStep(StepInterceptor.java:457)
	at app//net.thucydides.core.steps.StepInterceptor.runOrSkipMethod(StepInterceptor.java:209)
	at app//net.thucydides.core.steps.StepInterceptor.testStepResult(StepInterceptor.java:196)
	at app//net.thucydides.core.steps.StepInterceptor.intercept(StepInterceptor.java:84)
	at app//net.thucydides.core.steps.ProxyConfiguration$InterceptorDispatcher.intercept(ProxyConfiguration.java:51)
	at app//tasks.TiendasExitoProductSelectionTasks$ByteBuddy$TOcZLzc6.performAs(Unknown Source)
	at app//net.serenitybdd.screenplay.Actor.performTask(Actor.java:283)
	at app//net.serenitybdd.screenplay.Actor.perform(Actor.java:262)
	at app//net.serenitybdd.screenplay.Actor.attemptsTo(Actor.java:203)
	at app//net.serenitybdd.screenplay.Actor.attemptsTo(Actor.java:210)
	at app//stepdefinitions.TiendasExitoSteps.elUsuarioEligeProductosAlAzar(TiendasExitoSteps.java:48)
	at ✽.el usuario elige 5 productos al azar debe tener una cantidad aleatoria entre 1 y 10(file:///C:/Users/USER/Documents/CHOUCAIR/RetoTecnicoExito/src/test/resources/Features/CompraExito.feature:8)
</failure>
  </testcase>
  <system-out><![CDATA[10:01:44.511 [Test worker] INFO io.cucumber.core.plugin.SerenityReporter - Running feature from file:///C:/Users/USER/Documents/CHOUCAIR/RetoTecnicoExito/src/test/resources/Features/CompraExito.feature
10:01:44.511 [Test worker] WARN io.cucumber.core.plugin.SerenityReporter - Feature from file:///C:/Users/USER/Documents/CHOUCAIR/RetoTecnicoExito/src/test/resources/Features/CompraExito.feature is not under the 'features' directory. Requirements report will not be correctly generated!
10:01:44.616 [Test worker] DEBUG net.thucydides.core.guice.Injectors - Created injector for module net.thucydides.core.guice.webdriver.WebDriverModule
10:01:44.630 [Test worker] INFO  - 

-------------------------------------------------------------------------------------
     _______. _______ .______       _______ .__   __.  __  .___________.____    ____ 
    /       ||   ____||   _  \     |   ____||  \ |  | |  | |           |\   \  /   / 
   |   (----`|  |__   |  |_)  |    |  |__   |   \|  | |  | `---|  |----` \   \/   /  
    \   \    |   __|  |      /     |   __|  |  . `  | |  |     |  |       \_    _/   
.----)   |   |  |____ |  |\  \----.|  |____ |  |\   | |  |     |  |         |  |     
|_______/    |_______|| _| `._____||_______||__| \__| |__|     |__|         |__|    
                                                                                     
 News and tutorials at http://www.serenity-bdd.info                                  
 Documentation at https://wakaleo.gitbooks.io/the-serenity-book/content/             
 Join the Serenity Community on Gitter: https://gitter.im/serenity-bdd/serenity-core 
 Serenity BDD Support and Training at http://serenity-bdd.info/#/trainingandsupport  
-------------------------------------------------------------------------------------

10:01:44.632 [Test worker] DEBUG net.thucydides.core.steps.StepEventBus - Test suite started for story net.thucydides.core.model.Story@3dfac1ec
10:01:44.633 [Test worker] INFO  - Test Suite Started: Selección aleatoria de productos
10:01:44.644 [Test worker] INFO io.cucumber.core.plugin.SerenityReporter - Running feature from file:///C:/Users/USER/Documents/CHOUCAIR/RetoTecnicoExito/src/test/resources/Features/CompraExito.feature
10:01:44.644 [Test worker] WARN io.cucumber.core.plugin.SerenityReporter - Feature from file:///C:/Users/USER/Documents/CHOUCAIR/RetoTecnicoExito/src/test/resources/Features/CompraExito.feature is not under the 'features' directory. Requirements report will not be correctly generated!
10:01:44.647 [Test worker] DEBUG net.thucydides.core.steps.StepEventBus - Test suite started for story net.thucydides.core.model.Story@3dfac1ec
10:01:44.647 [Test worker] INFO  - Test Suite Started: Selección aleatoria de productos
10:01:44.696 [Test worker] INFO io.cucumber.core.plugin.SerenityReporter - Running feature from file:///C:/Users/USER/Documents/CHOUCAIR/RetoTecnicoExito/src/test/resources/Features/CompraExito.feature
10:01:44.697 [Test worker] WARN io.cucumber.core.plugin.SerenityReporter - Feature from file:///C:/Users/USER/Documents/CHOUCAIR/RetoTecnicoExito/src/test/resources/Features/CompraExito.feature is not under the 'features' directory. Requirements report will not be correctly generated!
10:01:44.710 [Test worker] INFO  - 
  _____   ___   ___   _____     ___   _____     _     ___   _____   ___   ___  
 |_   _| | __| / __| |_   _|   / __| |_   _|   /_\   | _ \ |_   _| | __| |   \ 
   | |   | _|  \__ \   | |     \__ \   | |    / _ \  |   /   | |   | _|  | |) |
   |_|   |___| |___/   |_|     |___/   |_|   /_/ \_\ |_|_\   |_|   |___| |___/ 

El robot selecciona aleatoriamente 5 productos de una categoría y subcategoría específicas(selección-aleatoria-de-productos;el-robot-selecciona-aleatoriamente-5-productos-de-una-categoría-y-subcategoría-específicas)
--------------------------------------------------------------------------------
10:01:44.964 [Test worker] DEBUG net.thucydides.core.steps.StepInterceptor - STARTING STEP: TiendasExitoSteps.elUsuarioEstáEnLaPáginaDeTiendasÉxito - performAs
10:01:44.977 [Test worker] DEBUG net.thucydides.core.steps.StepInterceptor - STARTING STEP: OpenUp.performAs - {0} opens the #targetPage
10:01:45.009 [Test worker] INFO net.serenitybdd.core.webdriver.driverproviders.DriverProvider - Using automatically driver download
10:01:45.255 [Test worker] DEBUG io.github.bonigarcia.wdm.cache.ResolutionCache - Resolution chrome=112 in cache (valid until 10:07:17 24/04/2023 COT)
10:01:45.256 [Test worker] DEBUG io.github.bonigarcia.wdm.cache.ResolutionCache - Resolution chrome112=112.0.5615.49 in cache (valid until 11:16:24 24/04/2023 COT)
10:01:45.256 [Test worker] INFO io.github.bonigarcia.wdm.WebDriverManager - Using chromedriver 112.0.5615.49 (resolved driver for Chrome 112)
10:01:45.265 [Test worker] DEBUG io.github.bonigarcia.wdm.WebDriverManager - Driver chromedriver 112.0.5615.49 found in cache
10:01:45.265 [Test worker] INFO io.github.bonigarcia.wdm.WebDriverManager - Exporting webdriver.chrome.driver as C:\Users\USER\.cache\selenium\chromedriver\win32\112.0.5615.49\chromedriver.exe
10:01:45.320 [Test worker] INFO net.serenitybdd.core.webdriver.driverproviders.ChromeDriverProvider - Starting Chrome driver instance with capabilities:
10:01:45.321 [Test worker] INFO net.serenitybdd.core.webdriver.driverproviders.ChromeDriverProvider - Capabilities {browserName: chrome, goog:chromeOptions: {args: [start-maximized, test-type, no-sandbox, lang=es, disable-popup-blocking, disable-download-notification, ignore-certificate-errors, allow-running-insecure-content, disable-translate, always-authorize-plugins, disable-extensions, remote-allow-origins=*, disable-notifications], extensions: []}}
10:01:45.364 [Test worker] DEBUG io.netty.util.internal.logging.InternalLoggerFactory - Using SLF4J as the default logging framework
10:01:45.367 [Test worker] DEBUG io.netty.util.ResourceLeakDetector - -Dio.netty.leakDetection.level: simple
10:01:45.367 [Test worker] DEBUG io.netty.util.ResourceLeakDetector - -Dio.netty.leakDetection.targetRecords: 4
10:01:45.370 [Test worker] DEBUG io.netty.util.ResourceLeakDetectorFactory - Loaded default ResourceLeakDetector: io.netty.util.ResourceLeakDetector@6775c0d1
10:01:45.385 [Test worker] DEBUG io.netty.util.internal.PlatformDependent0 - -Dio.netty.noUnsafe: false
10:01:45.385 [Test worker] DEBUG io.netty.util.internal.PlatformDependent0 - Java version: 11
10:01:45.386 [Test worker] DEBUG io.netty.util.internal.PlatformDependent0 - sun.misc.Unsafe.theUnsafe: available
10:01:45.387 [Test worker] DEBUG io.netty.util.internal.PlatformDependent0 - sun.misc.Unsafe.copyMemory: available
10:01:45.387 [Test worker] DEBUG io.netty.util.internal.PlatformDependent0 - sun.misc.Unsafe.storeFence: available
10:01:45.387 [Test worker] DEBUG io.netty.util.internal.PlatformDependent0 - java.nio.Buffer.address: available
10:01:45.388 [Test worker] DEBUG io.netty.util.internal.PlatformDependent0 - direct buffer constructor: unavailable: Reflective setAccessible(true) disabled
10:01:45.388 [Test worker] DEBUG io.netty.util.internal.PlatformDependent0 - java.nio.Bits.unaligned: available, true
10:01:45.389 [Test worker] DEBUG io.netty.util.internal.PlatformDependent0 - jdk.internal.misc.Unsafe.allocateUninitializedArray(int): unavailable: class io.netty.util.internal.PlatformDependent0$7 cannot access class jdk.internal.misc.Unsafe (in module java.base) because module java.base does not export jdk.internal.misc to unnamed module @6c6366cf
10:01:45.390 [Test worker] DEBUG io.netty.util.internal.PlatformDependent0 - java.nio.DirectByteBuffer.<init>(long, int): unavailable
10:01:45.390 [Test worker] DEBUG io.netty.util.internal.PlatformDependent - sun.misc.Unsafe: available
10:01:45.397 [Test worker] DEBUG io.netty.util.internal.PlatformDependent - maxDirectMemory: 536870912 bytes (maybe)
10:01:45.397 [Test worker] DEBUG io.netty.util.internal.PlatformDependent - -Dio.netty.tmpdir: C:\Users\USER\AppData\Local\Temp (java.io.tmpdir)
10:01:45.397 [Test worker] DEBUG io.netty.util.internal.PlatformDependent - -Dio.netty.bitMode: 64 (sun.arch.data.model)
10:01:45.397 [Test worker] DEBUG io.netty.util.internal.PlatformDependent - Platform: Windows
10:01:45.398 [Test worker] DEBUG io.netty.util.internal.PlatformDependent - -Dio.netty.maxDirectMemory: -1 bytes
10:01:45.398 [Test worker] DEBUG io.netty.util.internal.PlatformDependent - -Dio.netty.uninitializedArrayAllocationThreshold: -1
10:01:45.399 [Test worker] DEBUG io.netty.util.internal.CleanerJava9 - java.nio.ByteBuffer.cleaner(): available
10:01:45.399 [Test worker] DEBUG io.netty.util.internal.PlatformDependent - -Dio.netty.noPreferDirect: false
10:01:45.406 [Test worker] DEBUG io.netty.util.internal.PlatformDependent - org.jctools-core.MpscChunkedArrayQueue: available
10:01:45.421 [Test worker] DEBUG io.netty.util.internal.InternalThreadLocalMap - -Dio.netty.threadLocalMap.stringBuilder.initialSize: 1024
10:01:45.421 [Test worker] DEBUG io.netty.util.internal.InternalThreadLocalMap - -Dio.netty.threadLocalMap.stringBuilder.maxSize: 4096
10:01:45.439 [Test worker] DEBUG io.netty.handler.ssl.JdkSslContext - Default protocols (JDK): [TLSv1.3, TLSv1.2] 
10:01:45.439 [Test worker] DEBUG io.netty.handler.ssl.JdkSslContext - Default cipher suites (JDK): [TLS_ECDHE_ECDSA_WITH_AES_256_GCM_SHA384, TLS_ECDHE_ECDSA_WITH_AES_128_GCM_SHA256, TLS_ECDHE_RSA_WITH_AES_128_GCM_SHA256, TLS_ECDHE_RSA_WITH_AES_256_GCM_SHA384, TLS_ECDHE_RSA_WITH_AES_128_CBC_SHA, TLS_ECDHE_RSA_WITH_AES_256_CBC_SHA, TLS_RSA_WITH_AES_128_GCM_SHA256, TLS_RSA_WITH_AES_128_CBC_SHA, TLS_RSA_WITH_AES_256_CBC_SHA, TLS_AES_128_GCM_SHA256, TLS_AES_256_GCM_SHA384]
10:01:45.460 [Test worker] DEBUG io.netty.channel.MultithreadEventLoopGroup - -Dio.netty.eventLoopThreads: 24
10:01:45.466 [Test worker] DEBUG io.netty.channel.nio.NioEventLoop - -Dio.netty.noKeySetOptimization: false
10:01:45.466 [Test worker] DEBUG io.netty.channel.nio.NioEventLoop - -Dio.netty.selectorAutoRebuildThreshold: 512
10:01:45.493 [Test worker] DEBUG io.netty.buffer.PooledByteBufAllocator - -Dio.netty.allocator.numHeapArenas: 1
10:01:45.494 [Test worker] DEBUG io.netty.buffer.PooledByteBufAllocator - -Dio.netty.allocator.numDirectArenas: 1
10:01:45.494 [Test worker] DEBUG io.netty.buffer.PooledByteBufAllocator - -Dio.netty.allocator.pageSize: 8192
10:01:45.494 [Test worker] DEBUG io.netty.buffer.PooledByteBufAllocator - -Dio.netty.allocator.maxOrder: 9
10:01:45.494 [Test worker] DEBUG io.netty.buffer.PooledByteBufAllocator - -Dio.netty.allocator.chunkSize: 4194304
10:01:45.494 [Test worker] DEBUG io.netty.buffer.PooledByteBufAllocator - -Dio.netty.allocator.smallCacheSize: 256
10:01:45.494 [Test worker] DEBUG io.netty.buffer.PooledByteBufAllocator - -Dio.netty.allocator.normalCacheSize: 64
10:01:45.494 [Test worker] DEBUG io.netty.buffer.PooledByteBufAllocator - -Dio.netty.allocator.maxCachedBufferCapacity: 32768
10:01:45.494 [Test worker] DEBUG io.netty.buffer.PooledByteBufAllocator - -Dio.netty.allocator.cacheTrimInterval: 8192
10:01:45.494 [Test worker] DEBUG io.netty.buffer.PooledByteBufAllocator - -Dio.netty.allocator.cacheTrimIntervalMillis: 600000
10:01:45.494 [Test worker] DEBUG io.netty.buffer.PooledByteBufAllocator - -Dio.netty.allocator.useCacheForAllThreads: false
10:01:45.494 [Test worker] DEBUG io.netty.buffer.PooledByteBufAllocator - -Dio.netty.allocator.maxCachedByteBuffersPerChunk: 1023
10:01:45.500 [Test worker] DEBUG io.netty.buffer.ByteBufUtil - -Dio.netty.allocator.type: pooled
10:01:45.501 [Test worker] DEBUG io.netty.buffer.ByteBufUtil - -Dio.netty.threadLocalDirectBufferSize: 0
10:01:45.501 [Test worker] DEBUG io.netty.buffer.ByteBufUtil - -Dio.netty.maxThreadLocalCharBufferSize: 16384
10:01:46.193 [Forwarding newSession on session null to remote] DEBUG io.netty.channel.DefaultChannelId - -Dio.netty.processId: 57856 (user-set)
10:01:46.194 [Forwarding newSession on session null to remote] DEBUG io.netty.channel.DefaultChannelId - -Dio.netty.machineId: 28:f0:76:ff:fe:16:65:0e (user-set)
10:01:46.240 [AsyncHttpClient-1-2] DEBUG io.netty.buffer.AbstractByteBuf - -Dio.netty.buffer.checkAccessible: true
10:01:46.240 [AsyncHttpClient-1-2] DEBUG io.netty.buffer.AbstractByteBuf - -Dio.netty.buffer.checkBounds: true
10:01:46.240 [AsyncHttpClient-1-2] DEBUG io.netty.util.ResourceLeakDetectorFactory - Loaded default ResourceLeakDetector: io.netty.util.ResourceLeakDetector@2fc722bf
10:01:46.250 [AsyncHttpClient-1-2] DEBUG org.asynchttpclient.netty.channel.NettyConnectListener - Using new Channel '[id: 0xc2356132, L:/127.0.0.1:53509 - R:localhost/127.0.0.1:65504]' for 'POST' to '/session'
10:01:46.264 [AsyncHttpClient-1-2] DEBUG io.netty.util.Recycler - -Dio.netty.recycler.maxCapacityPerThread: 4096
10:01:46.264 [AsyncHttpClient-1-2] DEBUG io.netty.util.Recycler - -Dio.netty.recycler.ratio: 8
10:01:46.264 [AsyncHttpClient-1-2] DEBUG io.netty.util.Recycler - -Dio.netty.recycler.chunkSize: 32
10:01:46.264 [AsyncHttpClient-1-2] DEBUG io.netty.util.Recycler - -Dio.netty.recycler.blocking: false
10:01:46.736 [AsyncHttpClient-1-2] DEBUG io.netty.handler.codec.compression.Brotli - brotli4j not in the classpath; Brotli support will be unavailable.
10:01:46.736 [AsyncHttpClient-1-2] DEBUG org.asynchttpclient.netty.handler.HttpHandler - 

Request DefaultHttpRequest(decodeResult: success, version: HTTP/1.1)
POST /session HTTP/1.1
User-Agent: selenium/4.3.0 (java windows)
Content-Length: 1225
Content-Type: application/json; charset=utf-8
host: localhost:65504
accept: */*

Response DefaultHttpResponse(decodeResult: success, version: HTTP/1.1)
HTTP/1.1 200 OK
Content-Type: application/json; charset=utf-8
cache-control: no-cache
content-length: 859

10:01:46.741 [AsyncHttpClient-1-2] DEBUG org.asynchttpclient.netty.channel.ChannelManager - Adding key: http://localhost:65504 for channel [id: 0xc2356132, L:/127.0.0.1:53509 - R:localhost/127.0.0.1:65504]
10:01:46.789 [AsyncHttpClient-1-3] DEBUG org.asynchttpclient.netty.channel.NettyConnectListener - Using new Channel '[id: 0x16162ee1, L:/127.0.0.1:53516 - R:localhost/127.0.0.1:53510]' for 'GET' to '/json/version'
10:01:46.790 [AsyncHttpClient-1-3] DEBUG org.asynchttpclient.netty.handler.HttpHandler - 

Request DefaultFullHttpRequest(decodeResult: success, version: HTTP/1.1, content: EmptyByteBufBE)
GET /json/version HTTP/1.1
User-Agent: selenium/4.3.0 (java windows)
host: localhost:53510
accept: */*

Response DefaultHttpResponse(decodeResult: success, version: HTTP/1.1)
HTTP/1.1 200 OK
Content-Security-Policy: frame-ancestors 'none'
Content-Type: application/json; charset=UTF-8
content-length: 424

10:01:46.791 [AsyncHttpClient-1-3] DEBUG org.asynchttpclient.netty.channel.ChannelManager - Adding key: http://localhost:53510 for channel [id: 0x16162ee1, L:/127.0.0.1:53516 - R:localhost/127.0.0.1:53510]
10:01:46.796 [Test worker] DEBUG io.netty.util.internal.ThreadLocalRandom - -Dio.netty.initialSeedUniquifier: 0x16800ee6632e7a04
10:01:46.798 [AsyncHttpClient-1-4] DEBUG org.asynchttpclient.netty.channel.NettyConnectListener - Using new Channel '[id: 0xa5396e20, L:/127.0.0.1:53517 - R:localhost/127.0.0.1:53510]' for 'GET' to '/devtools/browser/f1492fd1-b461-45ae-b4e3-4895074fdf75'
10:01:46.799 [AsyncHttpClient-1-4] DEBUG org.asynchttpclient.netty.handler.WebSocketHandler - 

Request DefaultFullHttpRequest(decodeResult: success, version: HTTP/1.1, content: EmptyByteBufBE)
GET /devtools/browser/f1492fd1-b461-45ae-b4e3-4895074fdf75 HTTP/1.1
upgrade: websocket
connection: upgrade
sec-websocket-key: EPe/TkibNrVfdgJwJU/FnA==
sec-websocket-version: 13
origin: http://localhost:53510
host: localhost:53510
accept: */*
user-agent: AHC/2.1

Response DefaultHttpResponse(decodeResult: success, version: HTTP/1.1)
HTTP/1.1 101 WebSocket Protocol Handshake
Upgrade: WebSocket
Connection: Upgrade
Sec-WebSocket-Accept: Ay9JY2a/mpHS9A/vQLbhhUEwV1w=

10:01:46.823 [Forwarding setTimeout on session 247ce7be8a1237cabf02c09d2a409ca4 to remote] DEBUG org.asynchttpclient.netty.request.NettyRequestSender - Using pooled Channel '[id: 0xc2356132, L:/127.0.0.1:53509 - R:localhost/127.0.0.1:65504]' for 'POST' to 'http://localhost:65504/session/247ce7be8a1237cabf02c09d2a409ca4/timeouts'
10:01:46.823 [Forwarding setTimeout on session 247ce7be8a1237cabf02c09d2a409ca4 to remote] DEBUG org.asynchttpclient.netty.request.NettyRequestSender - Using open Channel [id: 0xc2356132, L:/127.0.0.1:53509 - R:localhost/127.0.0.1:65504] for POST '/session/247ce7be8a1237cabf02c09d2a409ca4/timeouts'
10:01:46.825 [AsyncHttpClient-1-2] DEBUG org.asynchttpclient.netty.handler.HttpHandler - 

Request DefaultHttpRequest(decodeResult: success, version: HTTP/1.1)
POST /session/247ce7be8a1237cabf02c09d2a409ca4/timeouts HTTP/1.1
User-Agent: selenium/4.3.0 (java windows)
Content-Length: 23
Content-Type: application/json; charset=utf-8
host: localhost:65504
accept: */*

Response DefaultHttpResponse(decodeResult: success, version: HTTP/1.1)
HTTP/1.1 200 OK
Content-Type: application/json; charset=utf-8
cache-control: no-cache
content-length: 14

10:01:46.825 [AsyncHttpClient-1-2] DEBUG org.asynchttpclient.netty.channel.ChannelManager - Adding key: http://localhost:65504 for channel [id: 0xc2356132, L:/127.0.0.1:53509 - R:localhost/127.0.0.1:65504]
10:01:47.289 [Test worker] DEBUG net.thucydides.core.reflection.ClassFinder - Could not load class .runners.TiendaExitoRunner
10:01:47.289 [Test worker] DEBUG net.thucydides.core.reflection.ClassFinder - Could not load class .stepdefinitions.TiendasExitoSteps
10:01:47.290 [Test worker] DEBUG net.thucydides.core.reflection.ClassFinder - Could not load class .tasks.CategoriaTask
10:01:47.290 [Test worker] DEBUG net.thucydides.core.reflection.ClassFinder - Could not load class .tasks.OpenUp
10:01:47.290 [Test worker] DEBUG net.thucydides.core.reflection.ClassFinder - Could not load class .tasks.ResumenComprasTask
10:01:47.290 [Test worker] DEBUG net.thucydides.core.reflection.ClassFinder - Could not load class .tasks.TiendasExitoProductSelectionTasks
10:01:47.290 [Test worker] DEBUG net.thucydides.core.reflection.ClassFinder - Could not load class .ui.HomePage
10:01:47.290 [Test worker] DEBUG net.thucydides.core.reflection.ClassFinder - Could not load class META-INF.versions.9.com.sun.istack.logging.StackHelper
10:01:47.291 [Test worker] DEBUG net.thucydides.core.reflection.ClassFinder - Could not load class META-INF.versions.9.com.sun.xml.bind.v2.runtime.reflect.opt.AccessorInjector
10:01:47.291 [Test worker] DEBUG net.thucydides.core.reflection.ClassFinder - Could not load class META-INF.versions.9.com.sun.xml.bind.v2.runtime.reflect.opt.Injector
10:01:47.291 [Test worker] DEBUG net.thucydides.core.reflection.ClassFinder - Could not load class META-INF.versions.9.com.sun.xml.bind.v2.runtime.reflect.opt.OptimizedAccessorFactory
10:01:47.291 [Test worker] DEBUG net.thucydides.core.reflection.ClassFinder - Could not load class META-INF.versions.9.com.sun.xml.bind.v2.runtime.reflect.opt.OptimizedTransducedAccessorFactory
10:01:47.292 [Test worker] DEBUG net.thucydides.core.reflection.ClassFinder - Could not load class META-INF.versions.9.io.opentelemetry.sdk.internal.CurrentJavaVersionSpecific
10:01:47.292 [Test worker] DEBUG net.thucydides.core.reflection.ClassFinder - Could not load class META-INF.versions.9.io.opentelemetry.sdk.internal.Java9VersionSpecific
10:01:47.293 [Test worker] DEBUG net.thucydides.core.reflection.ClassFinder - Could not load class META-INF.versions.9.javax.xml.bind.ModuleUtil
10:01:47.293 [Test worker] DEBUG net.thucydides.core.reflection.ClassFinder - Could not load class META-INF.versions.9.module-info
10:01:47.293 [Test worker] DEBUG net.thucydides.core.reflection.ClassFinder - Could not load class META-INF.versions.9.org.junit.platform.commons.util.ModuleUtils
10:01:47.557 [Test worker] DEBUG net.thucydides.core.reflection.ClassFinder - Could not load class com.google.gson.internal.
10:01:47.616 [AsyncHttpClient-1-1] DEBUG org.asynchttpclient.netty.channel.DefaultChannelPool - Entry count for : http://localhost:65504 : 1
10:01:47.616 [AsyncHttpClient-1-1] DEBUG org.asynchttpclient.netty.channel.DefaultChannelPool - Entry count for : http://localhost:53510 : 1
10:01:47.675 [Test worker] DEBUG net.thucydides.core.reflection.ClassFinder - Could not load class com.sun.xml.bind.v2.runtime.output.FastInfosetStreamWriterOutput
10:01:47.977 [Test worker] DEBUG net.thucydides.core.reflection.ClassFinder - Could not load class module-info
10:01:48.711 [AsyncHttpClient-1-1] DEBUG org.asynchttpclient.netty.channel.DefaultChannelPool - Entry count for : http://localhost:65504 : 1
10:01:48.711 [AsyncHttpClient-1-1] DEBUG org.asynchttpclient.netty.channel.DefaultChannelPool - Entry count for : http://localhost:53510 : 1
10:01:49.813 [AsyncHttpClient-1-1] DEBUG org.asynchttpclient.netty.channel.DefaultChannelPool - Entry count for : http://localhost:65504 : 1
10:01:49.813 [AsyncHttpClient-1-1] DEBUG org.asynchttpclient.netty.channel.DefaultChannelPool - Entry count for : http://localhost:53510 : 1
10:01:50.560 [Forwarding get on session 247ce7be8a1237cabf02c09d2a409ca4 to remote] DEBUG org.asynchttpclient.netty.request.NettyRequestSender - Using pooled Channel '[id: 0xc2356132, L:/127.0.0.1:53509 - R:localhost/127.0.0.1:65504]' for 'POST' to 'http://localhost:65504/session/247ce7be8a1237cabf02c09d2a409ca4/url'
10:01:50.561 [Forwarding get on session 247ce7be8a1237cabf02c09d2a409ca4 to remote] DEBUG org.asynchttpclient.netty.request.NettyRequestSender - Using open Channel [id: 0xc2356132, L:/127.0.0.1:53509 - R:localhost/127.0.0.1:65504] for POST '/session/247ce7be8a1237cabf02c09d2a409ca4/url'
10:01:50.912 [AsyncHttpClient-1-1] DEBUG org.asynchttpclient.netty.channel.DefaultChannelPool - Entry count for : http://localhost:53510 : 1
10:01:52.011 [AsyncHttpClient-1-1] DEBUG org.asynchttpclient.netty.channel.DefaultChannelPool - Entry count for : http://localhost:53510 : 1
10:01:52.593 [AsyncHttpClient-1-2] DEBUG org.asynchttpclient.netty.handler.HttpHandler - 

Request DefaultHttpRequest(decodeResult: success, version: HTTP/1.1)
POST /session/247ce7be8a1237cabf02c09d2a409ca4/url HTTP/1.1
User-Agent: selenium/4.3.0 (java windows)
Content-Length: 52
Content-Type: application/json; charset=utf-8
host: localhost:65504
accept: */*

Response DefaultHttpResponse(decodeResult: success, version: HTTP/1.1)
HTTP/1.1 200 OK
Content-Type: application/json; charset=utf-8
cache-control: no-cache
content-length: 14

10:01:52.594 [AsyncHttpClient-1-2] DEBUG org.asynchttpclient.netty.channel.ChannelManager - Adding key: http://localhost:65504 for channel [id: 0xc2356132, L:/127.0.0.1:53509 - R:localhost/127.0.0.1:65504]
10:01:52.595 [Forwarding setTimeout on session 247ce7be8a1237cabf02c09d2a409ca4 to remote] DEBUG org.asynchttpclient.netty.request.NettyRequestSender - Using pooled Channel '[id: 0xc2356132, L:/127.0.0.1:53509 - R:localhost/127.0.0.1:65504]' for 'POST' to 'http://localhost:65504/session/247ce7be8a1237cabf02c09d2a409ca4/timeouts'
10:01:52.595 [Forwarding setTimeout on session 247ce7be8a1237cabf02c09d2a409ca4 to remote] DEBUG org.asynchttpclient.netty.request.NettyRequestSender - Using open Channel [id: 0xc2356132, L:/127.0.0.1:53509 - R:localhost/127.0.0.1:65504] for POST '/session/247ce7be8a1237cabf02c09d2a409ca4/timeouts'
10:01:52.597 [AsyncHttpClient-1-2] DEBUG org.asynchttpclient.netty.handler.HttpHandler - 

Request DefaultHttpRequest(decodeResult: success, version: HTTP/1.1)
POST /session/247ce7be8a1237cabf02c09d2a409ca4/timeouts HTTP/1.1
User-Agent: selenium/4.3.0 (java windows)
Content-Length: 23
Content-Type: application/json; charset=utf-8
host: localhost:65504
accept: */*

Response DefaultHttpResponse(decodeResult: success, version: HTTP/1.1)
HTTP/1.1 200 OK
Content-Type: application/json; charset=utf-8
cache-control: no-cache
content-length: 14

10:01:52.597 [AsyncHttpClient-1-2] DEBUG org.asynchttpclient.netty.channel.ChannelManager - Adding key: http://localhost:65504 for channel [id: 0xc2356132, L:/127.0.0.1:53509 - R:localhost/127.0.0.1:65504]
10:01:52.609 [Forwarding getCurrentUrl on session 247ce7be8a1237cabf02c09d2a409ca4 to remote] DEBUG org.asynchttpclient.netty.request.NettyRequestSender - Using pooled Channel '[id: 0xc2356132, L:/127.0.0.1:53509 - R:localhost/127.0.0.1:65504]' for 'GET' to 'http://localhost:65504/session/247ce7be8a1237cabf02c09d2a409ca4/url'
10:01:52.609 [Forwarding getCurrentUrl on session 247ce7be8a1237cabf02c09d2a409ca4 to remote] DEBUG org.asynchttpclient.netty.request.NettyRequestSender - Using open Channel [id: 0xc2356132, L:/127.0.0.1:53509 - R:localhost/127.0.0.1:65504] for GET '/session/247ce7be8a1237cabf02c09d2a409ca4/url'
10:01:52.612 [AsyncHttpClient-1-2] DEBUG org.asynchttpclient.netty.handler.HttpHandler - 

Request DefaultFullHttpRequest(decodeResult: success, version: HTTP/1.1, content: EmptyByteBufBE)
GET /session/247ce7be8a1237cabf02c09d2a409ca4/url HTTP/1.1
User-Agent: selenium/4.3.0 (java windows)
Cache-Control: no-cache
Content-Type: application/json; charset=utf-8
host: localhost:65504
accept: */*

Response DefaultHttpResponse(decodeResult: success, version: HTTP/1.1)
HTTP/1.1 200 OK
Content-Type: application/json; charset=utf-8
cache-control: no-cache
content-length: 34

10:01:52.612 [AsyncHttpClient-1-2] DEBUG org.asynchttpclient.netty.channel.ChannelManager - Adding key: http://localhost:65504 for channel [id: 0xc2356132, L:/127.0.0.1:53509 - R:localhost/127.0.0.1:65504]
10:01:52.624 [Forwarding getCurrentUrl on session 247ce7be8a1237cabf02c09d2a409ca4 to remote] DEBUG org.asynchttpclient.netty.request.NettyRequestSender - Using pooled Channel '[id: 0xc2356132, L:/127.0.0.1:53509 - R:localhost/127.0.0.1:65504]' for 'GET' to 'http://localhost:65504/session/247ce7be8a1237cabf02c09d2a409ca4/url'
10:01:52.624 [Forwarding getCurrentUrl on session 247ce7be8a1237cabf02c09d2a409ca4 to remote] DEBUG org.asynchttpclient.netty.request.NettyRequestSender - Using open Channel [id: 0xc2356132, L:/127.0.0.1:53509 - R:localhost/127.0.0.1:65504] for GET '/session/247ce7be8a1237cabf02c09d2a409ca4/url'
10:01:52.627 [AsyncHttpClient-1-2] DEBUG org.asynchttpclient.netty.handler.HttpHandler - 

Request DefaultFullHttpRequest(decodeResult: success, version: HTTP/1.1, content: EmptyByteBufBE)
GET /session/247ce7be8a1237cabf02c09d2a409ca4/url HTTP/1.1
User-Agent: selenium/4.3.0 (java windows)
Cache-Control: no-cache
Content-Type: application/json; charset=utf-8
host: localhost:65504
accept: */*

Response DefaultHttpResponse(decodeResult: success, version: HTTP/1.1)
HTTP/1.1 200 OK
Content-Type: application/json; charset=utf-8
cache-control: no-cache
content-length: 34

10:01:52.627 [AsyncHttpClient-1-2] DEBUG org.asynchttpclient.netty.channel.ChannelManager - Adding key: http://localhost:65504 for channel [id: 0xc2356132, L:/127.0.0.1:53509 - R:localhost/127.0.0.1:65504]
10:01:52.650 [Test worker] DEBUG net.serenitybdd.core.photography.Darkroom - Opening darkroom
10:01:52.651 [Darkroom Processing Line] DEBUG net.serenitybdd.core.photography.DarkroomProcessingLine - Darkroom processing line starting up
10:01:52.652 [Forwarding screenshot on session 247ce7be8a1237cabf02c09d2a409ca4 to remote] DEBUG org.asynchttpclient.netty.request.NettyRequestSender - Using pooled Channel '[id: 0xc2356132, L:/127.0.0.1:53509 - R:localhost/127.0.0.1:65504]' for 'GET' to 'http://localhost:65504/session/247ce7be8a1237cabf02c09d2a409ca4/screenshot'
10:01:52.652 [Forwarding screenshot on session 247ce7be8a1237cabf02c09d2a409ca4 to remote] DEBUG org.asynchttpclient.netty.request.NettyRequestSender - Using open Channel [id: 0xc2356132, L:/127.0.0.1:53509 - R:localhost/127.0.0.1:65504] for GET '/session/247ce7be8a1237cabf02c09d2a409ca4/screenshot'
10:01:52.976 [AsyncHttpClient-1-2] DEBUG org.asynchttpclient.netty.handler.HttpHandler - 

Request DefaultFullHttpRequest(decodeResult: success, version: HTTP/1.1, content: EmptyByteBufBE)
GET /session/247ce7be8a1237cabf02c09d2a409ca4/screenshot HTTP/1.1
User-Agent: selenium/4.3.0 (java windows)
Cache-Control: no-cache
Content-Type: application/json; charset=utf-8
host: localhost:65504
accept: */*

Response DefaultHttpResponse(decodeResult: success, version: HTTP/1.1)
HTTP/1.1 200 OK
Content-Type: application/json; charset=utf-8
cache-control: no-cache
content-length: 1185552

10:01:52.981 [AsyncHttpClient-1-2] DEBUG org.asynchttpclient.netty.channel.ChannelManager - Adding key: http://localhost:65504 for channel [id: 0xc2356132, L:/127.0.0.1:53509 - R:localhost/127.0.0.1:65504]
10:01:53.048 [Test worker] DEBUG net.serenitybdd.core.photography.Darkroom - Send negative for processing for C:\Users\USER\Documents\CHOUCAIR\RetoTecnicoExito\target\site\serenity\0142be7419318a2deadcd74efd2013878c813c0588e8f1547d1ff0f866e77b8f.png
10:01:53.049 [Darkroom Processing Line] DEBUG net.serenitybdd.core.photography.DarkroomProcessingLine - Processing screenshot image in /var/screenshots/screenshot-7548253812931583653
10:01:53.049 [Darkroom Processing Line] DEBUG net.serenitybdd.core.photography.DarkroomProcessingLine - Saving screenshot to C:\Users\USER\Documents\CHOUCAIR\RetoTecnicoExito\target\site\serenity\0142be7419318a2deadcd74efd2013878c813c0588e8f1547d1ff0f866e77b8f.png
10:01:53.111 [AsyncHttpClient-1-1] DEBUG org.asynchttpclient.netty.channel.DefaultChannelPool - Entry count for : http://localhost:65504 : 1
10:01:53.111 [AsyncHttpClient-1-1] DEBUG org.asynchttpclient.netty.channel.DefaultChannelPool - Entry count for : http://localhost:53510 : 1
10:01:53.251 [Test worker] DEBUG net.thucydides.core.steps.StepInterceptor - STEP DONE: {0} opens the #targetPage
10:01:53.267 [Forwarding screenshot on session 247ce7be8a1237cabf02c09d2a409ca4 to remote] DEBUG org.asynchttpclient.netty.request.NettyRequestSender - Using pooled Channel '[id: 0xc2356132, L:/127.0.0.1:53509 - R:localhost/127.0.0.1:65504]' for 'GET' to 'http://localhost:65504/session/247ce7be8a1237cabf02c09d2a409ca4/screenshot'
10:01:53.268 [Forwarding screenshot on session 247ce7be8a1237cabf02c09d2a409ca4 to remote] DEBUG org.asynchttpclient.netty.request.NettyRequestSender - Using open Channel [id: 0xc2356132, L:/127.0.0.1:53509 - R:localhost/127.0.0.1:65504] for GET '/session/247ce7be8a1237cabf02c09d2a409ca4/screenshot'
10:01:53.692 [AsyncHttpClient-1-2] DEBUG org.asynchttpclient.netty.handler.HttpHandler - 

Request DefaultFullHttpRequest(decodeResult: success, version: HTTP/1.1, content: EmptyByteBufBE)
GET /session/247ce7be8a1237cabf02c09d2a409ca4/screenshot HTTP/1.1
User-Agent: selenium/4.3.0 (java windows)
Cache-Control: no-cache
Content-Type: application/json; charset=utf-8
host: localhost:65504
accept: */*

Response DefaultHttpResponse(decodeResult: success, version: HTTP/1.1)
HTTP/1.1 200 OK
Content-Type: application/json; charset=utf-8
cache-control: no-cache
content-length: 1201672

10:01:53.697 [AsyncHttpClient-1-2] DEBUG org.asynchttpclient.netty.channel.ChannelManager - Adding key: http://localhost:65504 for channel [id: 0xc2356132, L:/127.0.0.1:53509 - R:localhost/127.0.0.1:65504]
10:01:53.715 [Test worker] DEBUG net.serenitybdd.core.photography.Darkroom - Send negative for processing for C:\Users\USER\Documents\CHOUCAIR\RetoTecnicoExito\target\site\serenity\1752acfd5451edf22202636d934633e096e83fa03fdf747a18162e34230b5956.png
10:01:53.716 [Darkroom Processing Line] DEBUG net.serenitybdd.core.photography.DarkroomProcessingLine - Processing screenshot image in /var/screenshots/screenshot-17664906492481113432
10:01:53.716 [Darkroom Processing Line] DEBUG net.serenitybdd.core.photography.DarkroomProcessingLine - Saving screenshot to C:\Users\USER\Documents\CHOUCAIR\RetoTecnicoExito\target\site\serenity\1752acfd5451edf22202636d934633e096e83fa03fdf747a18162e34230b5956.png
10:01:53.927 [Test worker] DEBUG net.thucydides.core.steps.StepInterceptor - STEP DONE: performAs
10:01:53.940 [Forwarding screenshot on session 247ce7be8a1237cabf02c09d2a409ca4 to remote] DEBUG org.asynchttpclient.netty.request.NettyRequestSender - Using pooled Channel '[id: 0xc2356132, L:/127.0.0.1:53509 - R:localhost/127.0.0.1:65504]' for 'GET' to 'http://localhost:65504/session/247ce7be8a1237cabf02c09d2a409ca4/screenshot'
10:01:53.940 [Forwarding screenshot on session 247ce7be8a1237cabf02c09d2a409ca4 to remote] DEBUG org.asynchttpclient.netty.request.NettyRequestSender - Using open Channel [id: 0xc2356132, L:/127.0.0.1:53509 - R:localhost/127.0.0.1:65504] for GET '/session/247ce7be8a1237cabf02c09d2a409ca4/screenshot'
10:01:54.213 [AsyncHttpClient-1-1] DEBUG org.asynchttpclient.netty.channel.DefaultChannelPool - Entry count for : http://localhost:53510 : 1
10:01:54.342 [AsyncHttpClient-1-2] DEBUG org.asynchttpclient.netty.handler.HttpHandler - 

Request DefaultFullHttpRequest(decodeResult: success, version: HTTP/1.1, content: EmptyByteBufBE)
GET /session/247ce7be8a1237cabf02c09d2a409ca4/screenshot HTTP/1.1
User-Agent: selenium/4.3.0 (java windows)
Cache-Control: no-cache
Content-Type: application/json; charset=utf-8
host: localhost:65504
accept: */*

Response DefaultHttpResponse(decodeResult: success, version: HTTP/1.1)
HTTP/1.1 200 OK
Content-Type: application/json; charset=utf-8
cache-control: no-cache
content-length: 1211104

10:01:54.346 [AsyncHttpClient-1-2] DEBUG org.asynchttpclient.netty.channel.ChannelManager - Adding key: http://localhost:65504 for channel [id: 0xc2356132, L:/127.0.0.1:53509 - R:localhost/127.0.0.1:65504]
10:01:54.380 [Test worker] DEBUG net.serenitybdd.core.photography.Darkroom - Send negative for processing for C:\Users\USER\Documents\CHOUCAIR\RetoTecnicoExito\target\site\serenity\51366d926a9f42924152a1c9429cb7dc87e1ee3d2dc1b0174980f7274e5c87e7.png
10:01:54.380 [Darkroom Processing Line] DEBUG net.serenitybdd.core.photography.DarkroomProcessingLine - Processing screenshot image in /var/screenshots/screenshot-8784743528625451627
10:01:54.381 [Darkroom Processing Line] DEBUG net.serenitybdd.core.photography.DarkroomProcessingLine - Saving screenshot to C:\Users\USER\Documents\CHOUCAIR\RetoTecnicoExito\target\site\serenity\51366d926a9f42924152a1c9429cb7dc87e1ee3d2dc1b0174980f7274e5c87e7.png
10:01:54.600 [Forwarding screenshot on session 247ce7be8a1237cabf02c09d2a409ca4 to remote] DEBUG org.asynchttpclient.netty.request.NettyRequestSender - Using pooled Channel '[id: 0xc2356132, L:/127.0.0.1:53509 - R:localhost/127.0.0.1:65504]' for 'GET' to 'http://localhost:65504/session/247ce7be8a1237cabf02c09d2a409ca4/screenshot'
10:01:54.600 [Forwarding screenshot on session 247ce7be8a1237cabf02c09d2a409ca4 to remote] DEBUG org.asynchttpclient.netty.request.NettyRequestSender - Using open Channel [id: 0xc2356132, L:/127.0.0.1:53509 - R:localhost/127.0.0.1:65504] for GET '/session/247ce7be8a1237cabf02c09d2a409ca4/screenshot'
10:01:54.925 [AsyncHttpClient-1-2] DEBUG org.asynchttpclient.netty.handler.HttpHandler - 

Request DefaultFullHttpRequest(decodeResult: success, version: HTTP/1.1, content: EmptyByteBufBE)
GET /session/247ce7be8a1237cabf02c09d2a409ca4/screenshot HTTP/1.1
User-Agent: selenium/4.3.0 (java windows)
Cache-Control: no-cache
Content-Type: application/json; charset=utf-8
host: localhost:65504
accept: */*

Response DefaultHttpResponse(decodeResult: success, version: HTTP/1.1)
HTTP/1.1 200 OK
Content-Type: application/json; charset=utf-8
cache-control: no-cache
content-length: 1218464

10:01:54.929 [AsyncHttpClient-1-2] DEBUG org.asynchttpclient.netty.channel.ChannelManager - Adding key: http://localhost:65504 for channel [id: 0xc2356132, L:/127.0.0.1:53509 - R:localhost/127.0.0.1:65504]
10:01:54.946 [Test worker] DEBUG net.serenitybdd.core.photography.Darkroom - Send negative for processing for C:\Users\USER\Documents\CHOUCAIR\RetoTecnicoExito\target\site\serenity\e65142ab2ffbb7dda6e9aceba3ed5b23640365d9a957a34911ae976983263354.png
10:01:54.946 [Darkroom Processing Line] DEBUG net.serenitybdd.core.photography.DarkroomProcessingLine - Processing screenshot image in /var/screenshots/screenshot-4243362459192427314
10:01:54.947 [Darkroom Processing Line] DEBUG net.serenitybdd.core.photography.DarkroomProcessingLine - Saving screenshot to C:\Users\USER\Documents\CHOUCAIR\RetoTecnicoExito\target\site\serenity\e65142ab2ffbb7dda6e9aceba3ed5b23640365d9a957a34911ae976983263354.png
10:01:54.962 [Test worker] DEBUG net.thucydides.core.steps.StepInterceptor - STARTING STEP: TiendasExitoSteps.elUsuarioSeleccionaLaCategoría - performAs
10:01:55.003 [Test worker] DEBUG net.serenitybdd.screenplay.targets.IFrameSwitcher - default content already selected for Seleccionar tipo de categoria
10:01:55.010 [Forwarding findElements on session 247ce7be8a1237cabf02c09d2a409ca4 to remote] DEBUG org.asynchttpclient.netty.request.NettyRequestSender - Using pooled Channel '[id: 0xc2356132, L:/127.0.0.1:53509 - R:localhost/127.0.0.1:65504]' for 'POST' to 'http://localhost:65504/session/247ce7be8a1237cabf02c09d2a409ca4/elements'
10:01:55.010 [Forwarding findElements on session 247ce7be8a1237cabf02c09d2a409ca4 to remote] DEBUG org.asynchttpclient.netty.request.NettyRequestSender - Using open Channel [id: 0xc2356132, L:/127.0.0.1:53509 - R:localhost/127.0.0.1:65504] for POST '/session/247ce7be8a1237cabf02c09d2a409ca4/elements'
10:01:55.057 [AsyncHttpClient-1-2] DEBUG org.asynchttpclient.netty.handler.HttpHandler - 

Request DefaultHttpRequest(decodeResult: success, version: HTTP/1.1)
POST /session/247ce7be8a1237cabf02c09d2a409ca4/elements HTTP/1.1
User-Agent: selenium/4.3.0 (java windows)
Content-Length: 60
Content-Type: application/json; charset=utf-8
host: localhost:65504
accept: */*

Response DefaultHttpResponse(decodeResult: success, version: HTTP/1.1)
HTTP/1.1 200 OK
Content-Type: application/json; charset=utf-8
cache-control: no-cache
content-length: 90

10:01:55.057 [AsyncHttpClient-1-2] DEBUG org.asynchttpclient.netty.channel.ChannelManager - Adding key: http://localhost:65504 for channel [id: 0xc2356132, L:/127.0.0.1:53509 - R:localhost/127.0.0.1:65504]
10:01:55.078 [Forwarding isElementDisplayed on session 247ce7be8a1237cabf02c09d2a409ca4 to remote] DEBUG org.asynchttpclient.netty.request.NettyRequestSender - Using pooled Channel '[id: 0xc2356132, L:/127.0.0.1:53509 - R:localhost/127.0.0.1:65504]' for 'POST' to 'http://localhost:65504/session/247ce7be8a1237cabf02c09d2a409ca4/execute/sync'
10:01:55.079 [Forwarding isElementDisplayed on session 247ce7be8a1237cabf02c09d2a409ca4 to remote] DEBUG org.asynchttpclient.netty.request.NettyRequestSender - Using open Channel [id: 0xc2356132, L:/127.0.0.1:53509 - R:localhost/127.0.0.1:65504] for POST '/session/247ce7be8a1237cabf02c09d2a409ca4/execute/sync'
10:01:55.125 [AsyncHttpClient-1-2] DEBUG org.asynchttpclient.netty.handler.HttpHandler - 

Request DefaultHttpRequest(decodeResult: success, version: HTTP/1.1)
POST /session/247ce7be8a1237cabf02c09d2a409ca4/execute/sync HTTP/1.1
User-Agent: selenium/4.3.0 (java windows)
Content-Length: 48780
Content-Type: application/json; charset=utf-8
host: localhost:65504
accept: */*

Response DefaultHttpResponse(decodeResult: success, version: HTTP/1.1)
HTTP/1.1 200 OK
Content-Type: application/json; charset=utf-8
cache-control: no-cache
content-length: 14

10:01:55.125 [AsyncHttpClient-1-2] DEBUG org.asynchttpclient.netty.channel.ChannelManager - Adding key: http://localhost:65504 for channel [id: 0xc2356132, L:/127.0.0.1:53509 - R:localhost/127.0.0.1:65504]
10:01:55.128 [Forwarding isElementDisplayed on session 247ce7be8a1237cabf02c09d2a409ca4 to remote] DEBUG org.asynchttpclient.netty.request.NettyRequestSender - Using pooled Channel '[id: 0xc2356132, L:/127.0.0.1:53509 - R:localhost/127.0.0.1:65504]' for 'POST' to 'http://localhost:65504/session/247ce7be8a1237cabf02c09d2a409ca4/execute/sync'
10:01:55.128 [Forwarding isElementDisplayed on session 247ce7be8a1237cabf02c09d2a409ca4 to remote] DEBUG org.asynchttpclient.netty.request.NettyRequestSender - Using open Channel [id: 0xc2356132, L:/127.0.0.1:53509 - R:localhost/127.0.0.1:65504] for POST '/session/247ce7be8a1237cabf02c09d2a409ca4/execute/sync'
10:01:55.174 [AsyncHttpClient-1-2] DEBUG org.asynchttpclient.netty.handler.HttpHandler - 

Request DefaultHttpRequest(decodeResult: success, version: HTTP/1.1)
POST /session/247ce7be8a1237cabf02c09d2a409ca4/execute/sync HTTP/1.1
User-Agent: selenium/4.3.0 (java windows)
Content-Length: 48780
Content-Type: application/json; charset=utf-8
host: localhost:65504
accept: */*

Response DefaultHttpResponse(decodeResult: success, version: HTTP/1.1)
HTTP/1.1 200 OK
Content-Type: application/json; charset=utf-8
cache-control: no-cache
content-length: 14

10:01:55.174 [AsyncHttpClient-1-2] DEBUG org.asynchttpclient.netty.channel.ChannelManager - Adding key: http://localhost:65504 for channel [id: 0xc2356132, L:/127.0.0.1:53509 - R:localhost/127.0.0.1:65504]
10:01:55.190 [Forwarding screenshot on session 247ce7be8a1237cabf02c09d2a409ca4 to remote] DEBUG org.asynchttpclient.netty.request.NettyRequestSender - Using pooled Channel '[id: 0xc2356132, L:/127.0.0.1:53509 - R:localhost/127.0.0.1:65504]' for 'GET' to 'http://localhost:65504/session/247ce7be8a1237cabf02c09d2a409ca4/screenshot'
10:01:55.190 [Forwarding screenshot on session 247ce7be8a1237cabf02c09d2a409ca4 to remote] DEBUG org.asynchttpclient.netty.request.NettyRequestSender - Using open Channel [id: 0xc2356132, L:/127.0.0.1:53509 - R:localhost/127.0.0.1:65504] for GET '/session/247ce7be8a1237cabf02c09d2a409ca4/screenshot'
10:01:55.311 [AsyncHttpClient-1-1] DEBUG org.asynchttpclient.netty.channel.DefaultChannelPool - Entry count for : http://localhost:53510 : 1
10:01:55.542 [AsyncHttpClient-1-2] DEBUG org.asynchttpclient.netty.handler.HttpHandler - 

Request DefaultFullHttpRequest(decodeResult: success, version: HTTP/1.1, content: EmptyByteBufBE)
GET /session/247ce7be8a1237cabf02c09d2a409ca4/screenshot HTTP/1.1
User-Agent: selenium/4.3.0 (java windows)
Cache-Control: no-cache
Content-Type: application/json; charset=utf-8
host: localhost:65504
accept: */*

Response DefaultHttpResponse(decodeResult: success, version: HTTP/1.1)
HTTP/1.1 200 OK
Content-Type: application/json; charset=utf-8
cache-control: no-cache
content-length: 1217864

10:01:55.545 [AsyncHttpClient-1-2] DEBUG org.asynchttpclient.netty.channel.ChannelManager - Adding key: http://localhost:65504 for channel [id: 0xc2356132, L:/127.0.0.1:53509 - R:localhost/127.0.0.1:65504]
10:01:55.562 [Test worker] DEBUG net.serenitybdd.core.photography.Darkroom - Send negative for processing for C:\Users\USER\Documents\CHOUCAIR\RetoTecnicoExito\target\site\serenity\2d2b1e7ccf1354f01603fb251a6627642a37b8240860c75270f3beda0adce8ad.png
10:01:55.562 [Darkroom Processing Line] DEBUG net.serenitybdd.core.photography.DarkroomProcessingLine - Processing screenshot image in /var/screenshots/screenshot-16551518314692927962
10:01:55.562 [Darkroom Processing Line] DEBUG net.serenitybdd.core.photography.DarkroomProcessingLine - Saving screenshot to C:\Users\USER\Documents\CHOUCAIR\RetoTecnicoExito\target\site\serenity\2d2b1e7ccf1354f01603fb251a6627642a37b8240860c75270f3beda0adce8ad.png
10:01:55.562 [Test worker] DEBUG net.thucydides.core.steps.StepInterceptor - STARTING STEP: CategoriaTask.performAs - {0} clicks on #target
10:01:55.562 [Test worker] DEBUG net.serenitybdd.screenplay.targets.IFrameSwitcher - default content already selected for Seleccionar tipo de categoria
10:01:55.629 [Forwarding findElement on session 247ce7be8a1237cabf02c09d2a409ca4 to remote] DEBUG org.asynchttpclient.netty.request.NettyRequestSender - Using pooled Channel '[id: 0xc2356132, L:/127.0.0.1:53509 - R:localhost/127.0.0.1:65504]' for 'POST' to 'http://localhost:65504/session/247ce7be8a1237cabf02c09d2a409ca4/element'
10:01:55.629 [Forwarding findElement on session 247ce7be8a1237cabf02c09d2a409ca4 to remote] DEBUG org.asynchttpclient.netty.request.NettyRequestSender - Using open Channel [id: 0xc2356132, L:/127.0.0.1:53509 - R:localhost/127.0.0.1:65504] for POST '/session/247ce7be8a1237cabf02c09d2a409ca4/element'
10:01:55.674 [AsyncHttpClient-1-2] DEBUG org.asynchttpclient.netty.handler.HttpHandler - 

Request DefaultHttpRequest(decodeResult: success, version: HTTP/1.1)
POST /session/247ce7be8a1237cabf02c09d2a409ca4/element HTTP/1.1
User-Agent: selenium/4.3.0 (java windows)
Content-Length: 60
Content-Type: application/json; charset=utf-8
host: localhost:65504
accept: */*

Response DefaultHttpResponse(decodeResult: success, version: HTTP/1.1)
HTTP/1.1 200 OK
Content-Type: application/json; charset=utf-8
cache-control: no-cache
content-length: 88

10:01:55.674 [AsyncHttpClient-1-2] DEBUG org.asynchttpclient.netty.channel.ChannelManager - Adding key: http://localhost:65504 for channel [id: 0xc2356132, L:/127.0.0.1:53509 - R:localhost/127.0.0.1:65504]
10:01:55.682 [Forwarding isElementDisplayed on session 247ce7be8a1237cabf02c09d2a409ca4 to remote] DEBUG org.asynchttpclient.netty.request.NettyRequestSender - Using pooled Channel '[id: 0xc2356132, L:/127.0.0.1:53509 - R:localhost/127.0.0.1:65504]' for 'POST' to 'http://localhost:65504/session/247ce7be8a1237cabf02c09d2a409ca4/execute/sync'
10:01:55.682 [Forwarding isElementDisplayed on session 247ce7be8a1237cabf02c09d2a409ca4 to remote] DEBUG org.asynchttpclient.netty.request.NettyRequestSender - Using open Channel [id: 0xc2356132, L:/127.0.0.1:53509 - R:localhost/127.0.0.1:65504] for POST '/session/247ce7be8a1237cabf02c09d2a409ca4/execute/sync'
10:01:55.724 [AsyncHttpClient-1-2] DEBUG org.asynchttpclient.netty.handler.HttpHandler - 

Request DefaultHttpRequest(decodeResult: success, version: HTTP/1.1)
POST /session/247ce7be8a1237cabf02c09d2a409ca4/execute/sync HTTP/1.1
User-Agent: selenium/4.3.0 (java windows)
Content-Length: 48780
Content-Type: application/json; charset=utf-8
host: localhost:65504
accept: */*

Response DefaultHttpResponse(decodeResult: success, version: HTTP/1.1)
HTTP/1.1 200 OK
Content-Type: application/json; charset=utf-8
cache-control: no-cache
content-length: 14

10:01:55.724 [AsyncHttpClient-1-2] DEBUG org.asynchttpclient.netty.channel.ChannelManager - Adding key: http://localhost:65504 for channel [id: 0xc2356132, L:/127.0.0.1:53509 - R:localhost/127.0.0.1:65504]
10:01:55.735 [Forwarding findElement on session 247ce7be8a1237cabf02c09d2a409ca4 to remote] DEBUG org.asynchttpclient.netty.request.NettyRequestSender - Using pooled Channel '[id: 0xc2356132, L:/127.0.0.1:53509 - R:localhost/127.0.0.1:65504]' for 'POST' to 'http://localhost:65504/session/247ce7be8a1237cabf02c09d2a409ca4/element'
10:01:55.735 [Forwarding findElement on session 247ce7be8a1237cabf02c09d2a409ca4 to remote] DEBUG org.asynchttpclient.netty.request.NettyRequestSender - Using open Channel [id: 0xc2356132, L:/127.0.0.1:53509 - R:localhost/127.0.0.1:65504] for POST '/session/247ce7be8a1237cabf02c09d2a409ca4/element'
10:01:55.774 [AsyncHttpClient-1-2] DEBUG org.asynchttpclient.netty.handler.HttpHandler - 

Request DefaultHttpRequest(decodeResult: success, version: HTTP/1.1)
POST /session/247ce7be8a1237cabf02c09d2a409ca4/element HTTP/1.1
User-Agent: selenium/4.3.0 (java windows)
Content-Length: 60
Content-Type: application/json; charset=utf-8
host: localhost:65504
accept: */*

Response DefaultHttpResponse(decodeResult: success, version: HTTP/1.1)
HTTP/1.1 200 OK
Content-Type: application/json; charset=utf-8
cache-control: no-cache
content-length: 88

10:01:55.774 [AsyncHttpClient-1-2] DEBUG org.asynchttpclient.netty.channel.ChannelManager - Adding key: http://localhost:65504 for channel [id: 0xc2356132, L:/127.0.0.1:53509 - R:localhost/127.0.0.1:65504]
10:01:55.776 [Forwarding clickElement on session 247ce7be8a1237cabf02c09d2a409ca4 to remote] DEBUG org.asynchttpclient.netty.request.NettyRequestSender - Using pooled Channel '[id: 0xc2356132, L:/127.0.0.1:53509 - R:localhost/127.0.0.1:65504]' for 'POST' to 'http://localhost:65504/session/247ce7be8a1237cabf02c09d2a409ca4/element/0ec7c301-6019-414b-9df3-e54d08f8a7f1/click'
10:01:55.776 [Forwarding clickElement on session 247ce7be8a1237cabf02c09d2a409ca4 to remote] DEBUG org.asynchttpclient.netty.request.NettyRequestSender - Using open Channel [id: 0xc2356132, L:/127.0.0.1:53509 - R:localhost/127.0.0.1:65504] for POST '/session/247ce7be8a1237cabf02c09d2a409ca4/element/0ec7c301-6019-414b-9df3-e54d08f8a7f1/click'
10:01:55.944 [AsyncHttpClient-1-2] DEBUG org.asynchttpclient.netty.handler.HttpHandler - 

Request DefaultHttpRequest(decodeResult: success, version: HTTP/1.1)
POST /session/247ce7be8a1237cabf02c09d2a409ca4/element/0ec7c301-6019-414b-9df3-e54d08f8a7f1/click HTTP/1.1
User-Agent: selenium/4.3.0 (java windows)
Content-Length: 50
Content-Type: application/json; charset=utf-8
host: localhost:65504
accept: */*

Response DefaultHttpResponse(decodeResult: success, version: HTTP/1.1)
HTTP/1.1 200 OK
Content-Type: application/json; charset=utf-8
cache-control: no-cache
content-length: 14

10:01:55.944 [AsyncHttpClient-1-2] DEBUG org.asynchttpclient.netty.channel.ChannelManager - Adding key: http://localhost:65504 for channel [id: 0xc2356132, L:/127.0.0.1:53509 - R:localhost/127.0.0.1:65504]
10:01:55.955 [Forwarding screenshot on session 247ce7be8a1237cabf02c09d2a409ca4 to remote] DEBUG org.asynchttpclient.netty.request.NettyRequestSender - Using pooled Channel '[id: 0xc2356132, L:/127.0.0.1:53509 - R:localhost/127.0.0.1:65504]' for 'GET' to 'http://localhost:65504/session/247ce7be8a1237cabf02c09d2a409ca4/screenshot'
10:01:55.956 [Forwarding screenshot on session 247ce7be8a1237cabf02c09d2a409ca4 to remote] DEBUG org.asynchttpclient.netty.request.NettyRequestSender - Using open Channel [id: 0xc2356132, L:/127.0.0.1:53509 - R:localhost/127.0.0.1:65504] for GET '/session/247ce7be8a1237cabf02c09d2a409ca4/screenshot'
10:01:56.364 [AsyncHttpClient-1-2] DEBUG org.asynchttpclient.netty.handler.HttpHandler - 

Request DefaultFullHttpRequest(decodeResult: success, version: HTTP/1.1, content: EmptyByteBufBE)
GET /session/247ce7be8a1237cabf02c09d2a409ca4/screenshot HTTP/1.1
User-Agent: selenium/4.3.0 (java windows)
Cache-Control: no-cache
Content-Type: application/json; charset=utf-8
host: localhost:65504
accept: */*

Response DefaultHttpResponse(decodeResult: success, version: HTTP/1.1)
HTTP/1.1 200 OK
Content-Type: application/json; charset=utf-8
cache-control: no-cache
content-length: 1128120

10:01:56.366 [AsyncHttpClient-1-2] DEBUG org.asynchttpclient.netty.channel.ChannelManager - Adding key: http://localhost:65504 for channel [id: 0xc2356132, L:/127.0.0.1:53509 - R:localhost/127.0.0.1:65504]
10:01:56.378 [Test worker] DEBUG net.serenitybdd.core.photography.Darkroom - Send negative for processing for C:\Users\USER\Documents\CHOUCAIR\RetoTecnicoExito\target\site\serenity\516ef7b9c4df277d57c04c367e461e42230cc8d691bf7431c8f92acdc6088643.png
10:01:56.379 [Darkroom Processing Line] DEBUG net.serenitybdd.core.photography.DarkroomProcessingLine - Processing screenshot image in /var/screenshots/screenshot-133149990873198198
10:01:56.379 [Darkroom Processing Line] DEBUG net.serenitybdd.core.photography.DarkroomProcessingLine - Saving screenshot to C:\Users\USER\Documents\CHOUCAIR\RetoTecnicoExito\target\site\serenity\516ef7b9c4df277d57c04c367e461e42230cc8d691bf7431c8f92acdc6088643.png
10:01:56.411 [AsyncHttpClient-1-1] DEBUG org.asynchttpclient.netty.channel.DefaultChannelPool - Entry count for : http://localhost:65504 : 1
10:01:56.411 [AsyncHttpClient-1-1] DEBUG org.asynchttpclient.netty.channel.DefaultChannelPool - Entry count for : http://localhost:53510 : 1
10:01:56.590 [Test worker] DEBUG net.thucydides.core.steps.StepInterceptor - STEP DONE: {0} clicks on #target
10:01:56.600 [Forwarding screenshot on session 247ce7be8a1237cabf02c09d2a409ca4 to remote] DEBUG org.asynchttpclient.netty.request.NettyRequestSender - Using pooled Channel '[id: 0xc2356132, L:/127.0.0.1:53509 - R:localhost/127.0.0.1:65504]' for 'GET' to 'http://localhost:65504/session/247ce7be8a1237cabf02c09d2a409ca4/screenshot'
10:01:56.600 [Forwarding screenshot on session 247ce7be8a1237cabf02c09d2a409ca4 to remote] DEBUG org.asynchttpclient.netty.request.NettyRequestSender - Using open Channel [id: 0xc2356132, L:/127.0.0.1:53509 - R:localhost/127.0.0.1:65504] for GET '/session/247ce7be8a1237cabf02c09d2a409ca4/screenshot'
10:01:56.895 [AsyncHttpClient-1-2] DEBUG org.asynchttpclient.netty.handler.HttpHandler - 

Request DefaultFullHttpRequest(decodeResult: success, version: HTTP/1.1, content: EmptyByteBufBE)
GET /session/247ce7be8a1237cabf02c09d2a409ca4/screenshot HTTP/1.1
User-Agent: selenium/4.3.0 (java windows)
Cache-Control: no-cache
Content-Type: application/json; charset=utf-8
host: localhost:65504
accept: */*

Response DefaultHttpResponse(decodeResult: success, version: HTTP/1.1)
HTTP/1.1 200 OK
Content-Type: application/json; charset=utf-8
cache-control: no-cache
content-length: 1017848

10:01:56.897 [AsyncHttpClient-1-2] DEBUG org.asynchttpclient.netty.channel.ChannelManager - Adding key: http://localhost:65504 for channel [id: 0xc2356132, L:/127.0.0.1:53509 - R:localhost/127.0.0.1:65504]
10:01:56.927 [Test worker] DEBUG net.serenitybdd.core.photography.Darkroom - Send negative for processing for C:\Users\USER\Documents\CHOUCAIR\RetoTecnicoExito\target\site\serenity\94c0ccc058f1d0f901b3b6764ced4597aa32027d969346e3efa94ed18206d4a4.png
10:01:56.927 [Darkroom Processing Line] DEBUG net.serenitybdd.core.photography.DarkroomProcessingLine - Processing screenshot image in /var/screenshots/screenshot-13457033286410729891
10:01:56.927 [Darkroom Processing Line] DEBUG net.serenitybdd.core.photography.DarkroomProcessingLine - Saving screenshot to C:\Users\USER\Documents\CHOUCAIR\RetoTecnicoExito\target\site\serenity\94c0ccc058f1d0f901b3b6764ced4597aa32027d969346e3efa94ed18206d4a4.png
10:01:56.927 [Test worker] DEBUG net.thucydides.core.steps.StepInterceptor - STARTING STEP: CategoriaTask.performAs - {0} clicks on #target
10:01:56.927 [Test worker] DEBUG net.serenitybdd.screenplay.targets.IFrameSwitcher - default content already selected for Seleccionar tipo de categoria
10:01:56.964 [Forwarding findElement on session 247ce7be8a1237cabf02c09d2a409ca4 to remote] DEBUG org.asynchttpclient.netty.request.NettyRequestSender - Using pooled Channel '[id: 0xc2356132, L:/127.0.0.1:53509 - R:localhost/127.0.0.1:65504]' for 'POST' to 'http://localhost:65504/session/247ce7be8a1237cabf02c09d2a409ca4/element'
10:01:56.965 [Forwarding findElement on session 247ce7be8a1237cabf02c09d2a409ca4 to remote] DEBUG org.asynchttpclient.netty.request.NettyRequestSender - Using open Channel [id: 0xc2356132, L:/127.0.0.1:53509 - R:localhost/127.0.0.1:65504] for POST '/session/247ce7be8a1237cabf02c09d2a409ca4/element'
10:01:56.971 [AsyncHttpClient-1-2] DEBUG org.asynchttpclient.netty.handler.HttpHandler - 

Request DefaultHttpRequest(decodeResult: success, version: HTTP/1.1)
POST /session/247ce7be8a1237cabf02c09d2a409ca4/element HTTP/1.1
User-Agent: selenium/4.3.0 (java windows)
Content-Length: 76
Content-Type: application/json; charset=utf-8
host: localhost:65504
accept: */*

Response DefaultHttpResponse(decodeResult: success, version: HTTP/1.1)
HTTP/1.1 200 OK
Content-Type: application/json; charset=utf-8
cache-control: no-cache
content-length: 88

10:01:56.971 [AsyncHttpClient-1-2] DEBUG org.asynchttpclient.netty.channel.ChannelManager - Adding key: http://localhost:65504 for channel [id: 0xc2356132, L:/127.0.0.1:53509 - R:localhost/127.0.0.1:65504]
10:01:56.978 [Forwarding isElementDisplayed on session 247ce7be8a1237cabf02c09d2a409ca4 to remote] DEBUG org.asynchttpclient.netty.request.NettyRequestSender - Using pooled Channel '[id: 0xc2356132, L:/127.0.0.1:53509 - R:localhost/127.0.0.1:65504]' for 'POST' to 'http://localhost:65504/session/247ce7be8a1237cabf02c09d2a409ca4/execute/sync'
10:01:56.978 [Forwarding isElementDisplayed on session 247ce7be8a1237cabf02c09d2a409ca4 to remote] DEBUG org.asynchttpclient.netty.request.NettyRequestSender - Using open Channel [id: 0xc2356132, L:/127.0.0.1:53509 - R:localhost/127.0.0.1:65504] for POST '/session/247ce7be8a1237cabf02c09d2a409ca4/execute/sync'
10:01:56.984 [AsyncHttpClient-1-2] DEBUG org.asynchttpclient.netty.handler.HttpHandler - 

Request DefaultHttpRequest(decodeResult: success, version: HTTP/1.1)
POST /session/247ce7be8a1237cabf02c09d2a409ca4/execute/sync HTTP/1.1
User-Agent: selenium/4.3.0 (java windows)
Content-Length: 48780
Content-Type: application/json; charset=utf-8
host: localhost:65504
accept: */*

Response DefaultHttpResponse(decodeResult: success, version: HTTP/1.1)
HTTP/1.1 200 OK
Content-Type: application/json; charset=utf-8
cache-control: no-cache
content-length: 14

10:01:56.984 [AsyncHttpClient-1-2] DEBUG org.asynchttpclient.netty.channel.ChannelManager - Adding key: http://localhost:65504 for channel [id: 0xc2356132, L:/127.0.0.1:53509 - R:localhost/127.0.0.1:65504]
10:01:56.998 [Forwarding findElement on session 247ce7be8a1237cabf02c09d2a409ca4 to remote] DEBUG org.asynchttpclient.netty.request.NettyRequestSender - Using pooled Channel '[id: 0xc2356132, L:/127.0.0.1:53509 - R:localhost/127.0.0.1:65504]' for 'POST' to 'http://localhost:65504/session/247ce7be8a1237cabf02c09d2a409ca4/element'
10:01:56.998 [Forwarding findElement on session 247ce7be8a1237cabf02c09d2a409ca4 to remote] DEBUG org.asynchttpclient.netty.request.NettyRequestSender - Using open Channel [id: 0xc2356132, L:/127.0.0.1:53509 - R:localhost/127.0.0.1:65504] for POST '/session/247ce7be8a1237cabf02c09d2a409ca4/element'
10:01:57.002 [AsyncHttpClient-1-2] DEBUG org.asynchttpclient.netty.handler.HttpHandler - 

Request DefaultHttpRequest(decodeResult: success, version: HTTP/1.1)
POST /session/247ce7be8a1237cabf02c09d2a409ca4/element HTTP/1.1
User-Agent: selenium/4.3.0 (java windows)
Content-Length: 76
Content-Type: application/json; charset=utf-8
host: localhost:65504
accept: */*

Response DefaultHttpResponse(decodeResult: success, version: HTTP/1.1)
HTTP/1.1 200 OK
Content-Type: application/json; charset=utf-8
cache-control: no-cache
content-length: 88

10:01:57.003 [AsyncHttpClient-1-2] DEBUG org.asynchttpclient.netty.channel.ChannelManager - Adding key: http://localhost:65504 for channel [id: 0xc2356132, L:/127.0.0.1:53509 - R:localhost/127.0.0.1:65504]
10:01:57.004 [Forwarding clickElement on session 247ce7be8a1237cabf02c09d2a409ca4 to remote] DEBUG org.asynchttpclient.netty.request.NettyRequestSender - Using pooled Channel '[id: 0xc2356132, L:/127.0.0.1:53509 - R:localhost/127.0.0.1:65504]' for 'POST' to 'http://localhost:65504/session/247ce7be8a1237cabf02c09d2a409ca4/element/ca2531bb-877b-4cd6-9e87-f4834a2fa531/click'
10:01:57.004 [Forwarding clickElement on session 247ce7be8a1237cabf02c09d2a409ca4 to remote] DEBUG org.asynchttpclient.netty.request.NettyRequestSender - Using open Channel [id: 0xc2356132, L:/127.0.0.1:53509 - R:localhost/127.0.0.1:65504] for POST '/session/247ce7be8a1237cabf02c09d2a409ca4/element/ca2531bb-877b-4cd6-9e87-f4834a2fa531/click'
10:01:57.072 [AsyncHttpClient-1-2] DEBUG org.asynchttpclient.netty.handler.HttpHandler - 

Request DefaultHttpRequest(decodeResult: success, version: HTTP/1.1)
POST /session/247ce7be8a1237cabf02c09d2a409ca4/element/ca2531bb-877b-4cd6-9e87-f4834a2fa531/click HTTP/1.1
User-Agent: selenium/4.3.0 (java windows)
Content-Length: 50
Content-Type: application/json; charset=utf-8
host: localhost:65504
accept: */*

Response DefaultHttpResponse(decodeResult: success, version: HTTP/1.1)
HTTP/1.1 200 OK
Content-Type: application/json; charset=utf-8
cache-control: no-cache
content-length: 14

10:01:57.073 [AsyncHttpClient-1-2] DEBUG org.asynchttpclient.netty.channel.ChannelManager - Adding key: http://localhost:65504 for channel [id: 0xc2356132, L:/127.0.0.1:53509 - R:localhost/127.0.0.1:65504]
10:01:57.083 [Forwarding screenshot on session 247ce7be8a1237cabf02c09d2a409ca4 to remote] DEBUG org.asynchttpclient.netty.request.NettyRequestSender - Using pooled Channel '[id: 0xc2356132, L:/127.0.0.1:53509 - R:localhost/127.0.0.1:65504]' for 'GET' to 'http://localhost:65504/session/247ce7be8a1237cabf02c09d2a409ca4/screenshot'
10:01:57.084 [Forwarding screenshot on session 247ce7be8a1237cabf02c09d2a409ca4 to remote] DEBUG org.asynchttpclient.netty.request.NettyRequestSender - Using open Channel [id: 0xc2356132, L:/127.0.0.1:53509 - R:localhost/127.0.0.1:65504] for GET '/session/247ce7be8a1237cabf02c09d2a409ca4/screenshot'
10:01:57.292 [AsyncHttpClient-1-2] DEBUG org.asynchttpclient.netty.handler.HttpHandler - 

Request DefaultFullHttpRequest(decodeResult: success, version: HTTP/1.1, content: EmptyByteBufBE)
GET /session/247ce7be8a1237cabf02c09d2a409ca4/screenshot HTTP/1.1
User-Agent: selenium/4.3.0 (java windows)
Cache-Control: no-cache
Content-Type: application/json; charset=utf-8
host: localhost:65504
accept: */*

Response DefaultHttpResponse(decodeResult: success, version: HTTP/1.1)
HTTP/1.1 200 OK
Content-Type: application/json; charset=utf-8
cache-control: no-cache
content-length: 588928

10:01:57.293 [AsyncHttpClient-1-2] DEBUG org.asynchttpclient.netty.channel.ChannelManager - Adding key: http://localhost:65504 for channel [id: 0xc2356132, L:/127.0.0.1:53509 - R:localhost/127.0.0.1:65504]
10:01:57.300 [Test worker] DEBUG net.serenitybdd.core.photography.Darkroom - Send negative for processing for C:\Users\USER\Documents\CHOUCAIR\RetoTecnicoExito\target\site\serenity\39f33f0a0145125bbcb15af2b5c5055db354422ff35630341a50ac72b141489e.png
10:01:57.300 [Darkroom Processing Line] DEBUG net.serenitybdd.core.photography.DarkroomProcessingLine - Processing screenshot image in /var/screenshots/screenshot-7141558547010413770
10:01:57.300 [Darkroom Processing Line] DEBUG net.serenitybdd.core.photography.DarkroomProcessingLine - Saving screenshot to C:\Users\USER\Documents\CHOUCAIR\RetoTecnicoExito\target\site\serenity\39f33f0a0145125bbcb15af2b5c5055db354422ff35630341a50ac72b141489e.png
10:01:57.510 [Test worker] DEBUG net.thucydides.core.steps.StepInterceptor - STEP DONE: {0} clicks on #target
10:01:57.514 [AsyncHttpClient-1-1] DEBUG org.asynchttpclient.netty.channel.DefaultChannelPool - Entry count for : http://localhost:65504 : 1
10:01:57.514 [AsyncHttpClient-1-1] DEBUG org.asynchttpclient.netty.channel.DefaultChannelPool - Entry count for : http://localhost:53510 : 1
10:01:57.521 [Forwarding screenshot on session 247ce7be8a1237cabf02c09d2a409ca4 to remote] DEBUG org.asynchttpclient.netty.request.NettyRequestSender - Using pooled Channel '[id: 0xc2356132, L:/127.0.0.1:53509 - R:localhost/127.0.0.1:65504]' for 'GET' to 'http://localhost:65504/session/247ce7be8a1237cabf02c09d2a409ca4/screenshot'
10:01:57.521 [Forwarding screenshot on session 247ce7be8a1237cabf02c09d2a409ca4 to remote] DEBUG org.asynchttpclient.netty.request.NettyRequestSender - Using open Channel [id: 0xc2356132, L:/127.0.0.1:53509 - R:localhost/127.0.0.1:65504] for GET '/session/247ce7be8a1237cabf02c09d2a409ca4/screenshot'
10:01:57.726 [AsyncHttpClient-1-2] DEBUG org.asynchttpclient.netty.handler.HttpHandler - 

Request DefaultFullHttpRequest(decodeResult: success, version: HTTP/1.1, content: EmptyByteBufBE)
GET /session/247ce7be8a1237cabf02c09d2a409ca4/screenshot HTTP/1.1
User-Agent: selenium/4.3.0 (java windows)
Cache-Control: no-cache
Content-Type: application/json; charset=utf-8
host: localhost:65504
accept: */*

Response DefaultHttpResponse(decodeResult: success, version: HTTP/1.1)
HTTP/1.1 200 OK
Content-Type: application/json; charset=utf-8
cache-control: no-cache
content-length: 720180

10:01:57.728 [AsyncHttpClient-1-2] DEBUG org.asynchttpclient.netty.channel.ChannelManager - Adding key: http://localhost:65504 for channel [id: 0xc2356132, L:/127.0.0.1:53509 - R:localhost/127.0.0.1:65504]
10:01:57.736 [Test worker] DEBUG net.serenitybdd.core.photography.Darkroom - Send negative for processing for C:\Users\USER\Documents\CHOUCAIR\RetoTecnicoExito\target\site\serenity\1cec338b62e31e37a6e936a75adeb39251a3937f3d489842030ca5bf1e2954a1.png
10:01:57.736 [Darkroom Processing Line] DEBUG net.serenitybdd.core.photography.DarkroomProcessingLine - Processing screenshot image in /var/screenshots/screenshot-5833038927910095100
10:01:57.736 [Darkroom Processing Line] DEBUG net.serenitybdd.core.photography.DarkroomProcessingLine - Saving screenshot to C:\Users\USER\Documents\CHOUCAIR\RetoTecnicoExito\target\site\serenity\1cec338b62e31e37a6e936a75adeb39251a3937f3d489842030ca5bf1e2954a1.png
10:01:57.736 [Test worker] DEBUG net.thucydides.core.steps.StepInterceptor - STARTING STEP: CategoriaTask.performAs - {0} clicks on #target
10:01:57.737 [Test worker] DEBUG net.serenitybdd.screenplay.targets.IFrameSwitcher - default content already selected for Seleccionar tipo de categoria
10:01:57.769 [Forwarding findElement on session 247ce7be8a1237cabf02c09d2a409ca4 to remote] DEBUG org.asynchttpclient.netty.request.NettyRequestSender - Using pooled Channel '[id: 0xc2356132, L:/127.0.0.1:53509 - R:localhost/127.0.0.1:65504]' for 'POST' to 'http://localhost:65504/session/247ce7be8a1237cabf02c09d2a409ca4/element'
10:01:57.769 [Forwarding findElement on session 247ce7be8a1237cabf02c09d2a409ca4 to remote] DEBUG org.asynchttpclient.netty.request.NettyRequestSender - Using open Channel [id: 0xc2356132, L:/127.0.0.1:53509 - R:localhost/127.0.0.1:65504] for POST '/session/247ce7be8a1237cabf02c09d2a409ca4/element'
10:01:57.777 [AsyncHttpClient-1-2] DEBUG org.asynchttpclient.netty.handler.HttpHandler - 

Request DefaultHttpRequest(decodeResult: success, version: HTTP/1.1)
POST /session/247ce7be8a1237cabf02c09d2a409ca4/element HTTP/1.1
User-Agent: selenium/4.3.0 (java windows)
Content-Length: 77
Content-Type: application/json; charset=utf-8
host: localhost:65504
accept: */*

Response DefaultHttpResponse(decodeResult: success, version: HTTP/1.1)
HTTP/1.1 200 OK
Content-Type: application/json; charset=utf-8
cache-control: no-cache
content-length: 88

10:01:57.777 [AsyncHttpClient-1-2] DEBUG org.asynchttpclient.netty.channel.ChannelManager - Adding key: http://localhost:65504 for channel [id: 0xc2356132, L:/127.0.0.1:53509 - R:localhost/127.0.0.1:65504]
10:01:57.784 [Forwarding isElementDisplayed on session 247ce7be8a1237cabf02c09d2a409ca4 to remote] DEBUG org.asynchttpclient.netty.request.NettyRequestSender - Using pooled Channel '[id: 0xc2356132, L:/127.0.0.1:53509 - R:localhost/127.0.0.1:65504]' for 'POST' to 'http://localhost:65504/session/247ce7be8a1237cabf02c09d2a409ca4/execute/sync'
10:01:57.784 [Forwarding isElementDisplayed on session 247ce7be8a1237cabf02c09d2a409ca4 to remote] DEBUG org.asynchttpclient.netty.request.NettyRequestSender - Using open Channel [id: 0xc2356132, L:/127.0.0.1:53509 - R:localhost/127.0.0.1:65504] for POST '/session/247ce7be8a1237cabf02c09d2a409ca4/execute/sync'
10:01:57.790 [AsyncHttpClient-1-2] DEBUG org.asynchttpclient.netty.handler.HttpHandler - 

Request DefaultHttpRequest(decodeResult: success, version: HTTP/1.1)
POST /session/247ce7be8a1237cabf02c09d2a409ca4/execute/sync HTTP/1.1
User-Agent: selenium/4.3.0 (java windows)
Content-Length: 48780
Content-Type: application/json; charset=utf-8
host: localhost:65504
accept: */*

Response DefaultHttpResponse(decodeResult: success, version: HTTP/1.1)
HTTP/1.1 200 OK
Content-Type: application/json; charset=utf-8
cache-control: no-cache
content-length: 14

10:01:57.790 [AsyncHttpClient-1-2] DEBUG org.asynchttpclient.netty.channel.ChannelManager - Adding key: http://localhost:65504 for channel [id: 0xc2356132, L:/127.0.0.1:53509 - R:localhost/127.0.0.1:65504]
10:01:57.800 [Forwarding findElement on session 247ce7be8a1237cabf02c09d2a409ca4 to remote] DEBUG org.asynchttpclient.netty.request.NettyRequestSender - Using pooled Channel '[id: 0xc2356132, L:/127.0.0.1:53509 - R:localhost/127.0.0.1:65504]' for 'POST' to 'http://localhost:65504/session/247ce7be8a1237cabf02c09d2a409ca4/element'
10:01:57.800 [Forwarding findElement on session 247ce7be8a1237cabf02c09d2a409ca4 to remote] DEBUG org.asynchttpclient.netty.request.NettyRequestSender - Using open Channel [id: 0xc2356132, L:/127.0.0.1:53509 - R:localhost/127.0.0.1:65504] for POST '/session/247ce7be8a1237cabf02c09d2a409ca4/element'
10:01:57.806 [AsyncHttpClient-1-2] DEBUG org.asynchttpclient.netty.handler.HttpHandler - 

Request DefaultHttpRequest(decodeResult: success, version: HTTP/1.1)
POST /session/247ce7be8a1237cabf02c09d2a409ca4/element HTTP/1.1
User-Agent: selenium/4.3.0 (java windows)
Content-Length: 77
Content-Type: application/json; charset=utf-8
host: localhost:65504
accept: */*

Response DefaultHttpResponse(decodeResult: success, version: HTTP/1.1)
HTTP/1.1 200 OK
Content-Type: application/json; charset=utf-8
cache-control: no-cache
content-length: 88

10:01:57.806 [AsyncHttpClient-1-2] DEBUG org.asynchttpclient.netty.channel.ChannelManager - Adding key: http://localhost:65504 for channel [id: 0xc2356132, L:/127.0.0.1:53509 - R:localhost/127.0.0.1:65504]
10:01:57.807 [Forwarding clickElement on session 247ce7be8a1237cabf02c09d2a409ca4 to remote] DEBUG org.asynchttpclient.netty.request.NettyRequestSender - Using pooled Channel '[id: 0xc2356132, L:/127.0.0.1:53509 - R:localhost/127.0.0.1:65504]' for 'POST' to 'http://localhost:65504/session/247ce7be8a1237cabf02c09d2a409ca4/element/c1a9a037-47e0-401d-93b8-c17ef6bf8294/click'
10:01:57.807 [Forwarding clickElement on session 247ce7be8a1237cabf02c09d2a409ca4 to remote] DEBUG org.asynchttpclient.netty.request.NettyRequestSender - Using open Channel [id: 0xc2356132, L:/127.0.0.1:53509 - R:localhost/127.0.0.1:65504] for POST '/session/247ce7be8a1237cabf02c09d2a409ca4/element/c1a9a037-47e0-401d-93b8-c17ef6bf8294/click'
10:01:58.035 [AsyncHttpClient-1-2] DEBUG org.asynchttpclient.netty.handler.HttpHandler - 

Request DefaultHttpRequest(decodeResult: success, version: HTTP/1.1)
POST /session/247ce7be8a1237cabf02c09d2a409ca4/element/c1a9a037-47e0-401d-93b8-c17ef6bf8294/click HTTP/1.1
User-Agent: selenium/4.3.0 (java windows)
Content-Length: 50
Content-Type: application/json; charset=utf-8
host: localhost:65504
accept: */*

Response DefaultHttpResponse(decodeResult: success, version: HTTP/1.1)
HTTP/1.1 200 OK
Content-Type: application/json; charset=utf-8
cache-control: no-cache
content-length: 14

10:01:58.035 [AsyncHttpClient-1-2] DEBUG org.asynchttpclient.netty.channel.ChannelManager - Adding key: http://localhost:65504 for channel [id: 0xc2356132, L:/127.0.0.1:53509 - R:localhost/127.0.0.1:65504]
10:01:58.046 [Forwarding screenshot on session 247ce7be8a1237cabf02c09d2a409ca4 to remote] DEBUG org.asynchttpclient.netty.request.NettyRequestSender - Using pooled Channel '[id: 0xc2356132, L:/127.0.0.1:53509 - R:localhost/127.0.0.1:65504]' for 'GET' to 'http://localhost:65504/session/247ce7be8a1237cabf02c09d2a409ca4/screenshot'
[...]
10:02:24.444 [Test worker] DEBUG net.thucydides.core.reports.ReportService - Shutting down executor service
10:02:24.444 [Test worker] DEBUG net.thucydides.core.reports.ReportService - Reports generated in: 30 ms
10:02:24.444 [Test worker] DEBUG net.thucydides.core.reports.ReportService - Generating reports for 1 test outcomes using: net.thucydides.core.reports.html.HtmlAcceptanceTestReporter@263121b
10:02:24.445 [pool-2-thread-1] DEBUG net.thucydides.core.reports.ReportService - Processing test outcome Selección aleatoria de productos:El robot selecciona aleatoriamente 5 productos de una categoría y subcategoría específicas
10:02:24.445 [pool-2-thread-1] DEBUG net.thucydides.core.reports.ReportService - net.thucydides.core.reports.html.HtmlAcceptanceTestReporter@263121b: Generating report for test outcome: Selección aleatoria de productos:El robot selecciona aleatoriamente 5 productos de una categoría y subcategoría específicas
10:02:24.464 [pool-2-thread-1] WARN net.thucydides.core.requirements.RequirementsTagProvider - Failed to load requirements: Illegal char <:> at index 4: file:\C:\Users\USER\Documents\CHOUCAIR\RetoTecnicoExito\src\test\resources\Features\CompraExito.feature
java.nio.file.InvalidPathException: Illegal char <:> at index 4: file:\C:\Users\USER\Documents\CHOUCAIR\RetoTecnicoExito\src\test\resources\Features\CompraExito.feature
	at java.base/sun.nio.fs.WindowsPathParser.normalize(WindowsPathParser.java:182)
	at java.base/sun.nio.fs.WindowsPathParser.parse(WindowsPathParser.java:153)
	at java.base/sun.nio.fs.WindowsPathParser.parse(WindowsPathParser.java:77)
	at java.base/sun.nio.fs.WindowsPath.parse(WindowsPath.java:92)
	at java.base/sun.nio.fs.WindowsFileSystem.getPath(WindowsFileSystem.java:229)
	at java.base/java.io.File.toPath(File.java:2329)
	at net.thucydides.core.requirements.RootDirectory.getRelativePathOf(RootDirectory.java:364)
	at net.thucydides.core.requirements.FileSystemRequirementsTagProvider.requirementWithMatchingPath(FileSystemRequirementsTagProvider.java:372)
	at net.thucydides.core.requirements.FileSystemRequirementsTagProvider.getParentRequirementOf(FileSystemRequirementsTagProvider.java:335)
	at net.thucydides.core.requirements.ParentRequirementsProvided.forOutcome(ParentRequirementsProvided.java:26)
	at net.thucydides.core.requirements.BaseRequirementsService.getParentRequirementOf(BaseRequirementsService.java:139)
	at net.thucydides.core.requirements.BaseRequirementsService.getParentRequirementFor(BaseRequirementsService.java:49)
	at net.thucydides.core.reports.html.HtmlAcceptanceTestReporter.addParentRequirmentFieldToContext(HtmlAcceptanceTestReporter.java:194)
	at net.thucydides.core.reports.html.HtmlAcceptanceTestReporter.addTestOutcomeToContext(HtmlAcceptanceTestReporter.java:188)
	at net.thucydides.core.reports.html.HtmlAcceptanceTestReporter.generateReportFor(HtmlAcceptanceTestReporter.java:104)
	at net.thucydides.core.reports.ReportService.generateReportFor(ReportService.java:246)
	at net.thucydides.core.reports.ReportService.lambda$generateReportsFor$0(ReportService.java:184)
	at java.base/java.util.concurrent.Executors$RunnableAdapter.call(Executors.java:515)
	at java.base/java.util.concurrent.FutureTask.run(FutureTask.java:264)
	at java.base/java.util.concurrent.ThreadPoolExecutor.runWorker(ThreadPoolExecutor.java:1128)
	at java.base/java.util.concurrent.ThreadPoolExecutor$Worker.run(ThreadPoolExecutor.java:628)
	at java.base/java.lang.Thread.run(Thread.java:834)
10:02:24.464 [pool-2-thread-1] WARN net.thucydides.core.requirements.RequirementsTagProvider - Failed to load requirements: Illegal char <:> at index 4: file:\C:\Users\USER\Documents\CHOUCAIR\RetoTecnicoExito\src\test\resources\Features\CompraExito.feature
java.nio.file.InvalidPathException: Illegal char <:> at index 4: file:\C:\Users\USER\Documents\CHOUCAIR\RetoTecnicoExito\src\test\resources\Features\CompraExito.feature
	at java.base/sun.nio.fs.WindowsPathParser.normalize(WindowsPathParser.java:182)
	at java.base/sun.nio.fs.WindowsPathParser.parse(WindowsPathParser.java:153)
	at java.base/sun.nio.fs.WindowsPathParser.parse(WindowsPathParser.java:77)
	at java.base/sun.nio.fs.WindowsPath.parse(WindowsPath.java:92)
	at java.base/sun.nio.fs.WindowsFileSystem.getPath(WindowsFileSystem.java:229)
	at java.base/java.io.File.toPath(File.java:2329)
	at net.thucydides.core.requirements.RootDirectory.getRelativePathOf(RootDirectory.java:364)
	at net.thucydides.core.requirements.FileSystemRequirementsTagProvider.requirementWithMatchingPath(FileSystemRequirementsTagProvider.java:372)
	at net.thucydides.core.requirements.FileSystemRequirementsTagProvider.getParentRequirementOf(FileSystemRequirementsTagProvider.java:335)
	at net.thucydides.core.requirements.ParentRequirementsProvided.forOutcome(ParentRequirementsProvided.java:26)
	at net.thucydides.core.requirements.BaseRequirementsService.getParentRequirementOf(BaseRequirementsService.java:139)
	at net.thucydides.core.requirements.BaseRequirementsService.getAncestorRequirementsFor(BaseRequirementsService.java:79)
	at net.thucydides.core.reports.html.HtmlAcceptanceTestReporter.addBreadcrumbs(HtmlAcceptanceTestReporter.java:224)
	at net.thucydides.core.reports.html.HtmlAcceptanceTestReporter.addParentRequirmentFieldToContext(HtmlAcceptanceTestReporter.java:212)
	at net.thucydides.core.reports.html.HtmlAcceptanceTestReporter.addTestOutcomeToContext(HtmlAcceptanceTestReporter.java:188)
	at net.thucydides.core.reports.html.HtmlAcceptanceTestReporter.generateReportFor(HtmlAcceptanceTestReporter.java:104)
	at net.thucydides.core.reports.ReportService.generateReportFor(ReportService.java:246)
	at net.thucydides.core.reports.ReportService.lambda$generateReportsFor$0(ReportService.java:184)
	at java.base/java.util.concurrent.Executors$RunnableAdapter.call(Executors.java:515)
	at java.base/java.util.concurrent.FutureTask.run(FutureTask.java:264)
	at java.base/java.util.concurrent.ThreadPoolExecutor.runWorker(ThreadPoolExecutor.java:1128)
	at java.base/java.util.concurrent.ThreadPoolExecutor$Worker.run(ThreadPoolExecutor.java:628)
	at java.base/java.lang.Thread.run(Thread.java:834)
10:02:24.465 [pool-2-thread-1] WARN net.thucydides.core.requirements.RequirementsTagProvider - Failed to load requirements: Illegal char <:> at index 4: file:\C:\Users\USER\Documents\CHOUCAIR\RetoTecnicoExito\src\test\resources\Features\CompraExito.feature
java.nio.file.InvalidPathException: Illegal char <:> at index 4: file:\C:\Users\USER\Documents\CHOUCAIR\RetoTecnicoExito\src\test\resources\Features\CompraExito.feature
	at java.base/sun.nio.fs.WindowsPathParser.normalize(WindowsPathParser.java:182)
	at java.base/sun.nio.fs.WindowsPathParser.parse(WindowsPathParser.java:153)
	at java.base/sun.nio.fs.WindowsPathParser.parse(WindowsPathParser.java:77)
	at java.base/sun.nio.fs.WindowsPath.parse(WindowsPath.java:92)
	at java.base/sun.nio.fs.WindowsFileSystem.getPath(WindowsFileSystem.java:229)
	at java.base/java.io.File.toPath(File.java:2329)
	at net.thucydides.core.requirements.RootDirectory.getRelativePathOf(RootDirectory.java:364)
	at net.thucydides.core.requirements.FileSystemRequirementsTagProvider.requirementWithMatchingPath(FileSystemRequirementsTagProvider.java:372)
	at net.thucydides.core.requirements.FileSystemRequirementsTagProvider.getParentRequirementOf(FileSystemRequirementsTagProvider.java:335)
	at net.thucydides.core.requirements.ParentRequirementsProvided.forOutcome(ParentRequirementsProvided.java:26)
	at net.thucydides.core.requirements.BaseRequirementsService.getParentRequirementOf(BaseRequirementsService.java:139)
	at net.thucydides.core.requirements.BaseRequirementsService.getAncestorRequirementsFor(BaseRequirementsService.java:79)
	at net.thucydides.core.tags.BreadcrumbTagFilter.getRequirementBreadcrumbsFrom(BreadcrumbTagFilter.java:51)
	at net.thucydides.core.reports.html.HtmlAcceptanceTestReporter.addBreadcrumbs(HtmlAcceptanceTestReporter.java:225)
	at net.thucydides.core.reports.html.HtmlAcceptanceTestReporter.addParentRequirmentFieldToContext(HtmlAcceptanceTestReporter.java:212)
	at net.thucydides.core.reports.html.HtmlAcceptanceTestReporter.addTestOutcomeToContext(HtmlAcceptanceTestReporter.java:188)
	at net.thucydides.core.reports.html.HtmlAcceptanceTestReporter.generateReportFor(HtmlAcceptanceTestReporter.java:104)
	at net.thucydides.core.reports.ReportService.generateReportFor(ReportService.java:246)
	at net.thucydides.core.reports.ReportService.lambda$generateReportsFor$0(ReportService.java:184)
	at java.base/java.util.concurrent.Executors$RunnableAdapter.call(Executors.java:515)
	at java.base/java.util.concurrent.FutureTask.run(FutureTask.java:264)
	at java.base/java.util.concurrent.ThreadPoolExecutor.runWorker(ThreadPoolExecutor.java:1128)
	at java.base/java.util.concurrent.ThreadPoolExecutor$Worker.run(ThreadPoolExecutor.java:628)
	at java.base/java.lang.Thread.run(Thread.java:834)
10:02:24.495 [pool-2-thread-1] WARN net.thucydides.core.requirements.RequirementsTagProvider - Failed to load requirements: Illegal char <:> at index 4: file:\C:\Users\USER\Documents\CHOUCAIR\RetoTecnicoExito\src\test\resources\Features\CompraExito.feature
java.nio.file.InvalidPathException: Illegal char <:> at index 4: file:\C:\Users\USER\Documents\CHOUCAIR\RetoTecnicoExito\src\test\resources\Features\CompraExito.feature
	at java.base/sun.nio.fs.WindowsPathParser.normalize(WindowsPathParser.java:182)
	at java.base/sun.nio.fs.WindowsPathParser.parse(WindowsPathParser.java:153)
	at java.base/sun.nio.fs.WindowsPathParser.parse(WindowsPathParser.java:77)
	at java.base/sun.nio.fs.WindowsPath.parse(WindowsPath.java:92)
	at java.base/sun.nio.fs.WindowsFileSystem.getPath(WindowsFileSystem.java:229)
	at java.base/java.io.File.toPath(File.java:2329)
	at net.thucydides.core.requirements.RootDirectory.getRelativePathOf(RootDirectory.java:364)
	at net.thucydides.core.requirements.FileSystemRequirementsTagProvider.requirementWithMatchingPath(FileSystemRequirementsTagProvider.java:372)
	at net.thucydides.core.requirements.FileSystemRequirementsTagProvider.getParentRequirementOf(FileSystemRequirementsTagProvider.java:335)
	at net.thucydides.core.requirements.ParentRequirementsProvided.forOutcome(ParentRequirementsProvided.java:26)
	at net.thucydides.core.requirements.BaseRequirementsService.getParentRequirementOf(BaseRequirementsService.java:139)
	at net.thucydides.core.requirements.BaseRequirementsService.getParentRequirementFor(BaseRequirementsService.java:49)
	at net.thucydides.core.reports.html.HtmlAcceptanceTestReporter.addParentRequirmentFieldToContext(HtmlAcceptanceTestReporter.java:194)
	at net.thucydides.core.reports.html.HtmlAcceptanceTestReporter.addTestOutcomeToContext(HtmlAcceptanceTestReporter.java:188)
	at net.thucydides.core.reports.html.HtmlAcceptanceTestReporter.generateScreenshotReportsFor(HtmlAcceptanceTestReporter.java:252)
	at net.thucydides.core.reports.html.HtmlAcceptanceTestReporter.generateReportFor(HtmlAcceptanceTestReporter.java:107)
	at net.thucydides.core.reports.ReportService.generateReportFor(ReportService.java:246)
	at net.thucydides.core.reports.ReportService.lambda$generateReportsFor$0(ReportService.java:184)
	at java.base/java.util.concurrent.Executors$RunnableAdapter.call(Executors.java:515)
	at java.base/java.util.concurrent.FutureTask.run(FutureTask.java:264)
	at java.base/java.util.concurrent.ThreadPoolExecutor.runWorker(ThreadPoolExecutor.java:1128)
	at java.base/java.util.concurrent.ThreadPoolExecutor$Worker.run(ThreadPoolExecutor.java:628)
	at java.base/java.lang.Thread.run(Thread.java:834)
10:02:24.495 [pool-2-thread-1] WARN net.thucydides.core.requirements.RequirementsTagProvider - Failed to load requirements: Illegal char <:> at index 4: file:\C:\Users\USER\Documents\CHOUCAIR\RetoTecnicoExito\src\test\resources\Features\CompraExito.feature
java.nio.file.InvalidPathException: Illegal char <:> at index 4: file:\C:\Users\USER\Documents\CHOUCAIR\RetoTecnicoExito\src\test\resources\Features\CompraExito.feature
	at java.base/sun.nio.fs.WindowsPathParser.normalize(WindowsPathParser.java:182)
	at java.base/sun.nio.fs.WindowsPathParser.parse(WindowsPathParser.java:153)
	at java.base/sun.nio.fs.WindowsPathParser.parse(WindowsPathParser.java:77)
	at java.base/sun.nio.fs.WindowsPath.parse(WindowsPath.java:92)
	at java.base/sun.nio.fs.WindowsFileSystem.getPath(WindowsFileSystem.java:229)
	at java.base/java.io.File.toPath(File.java:2329)
	at net.thucydides.core.requirements.RootDirectory.getRelativePathOf(RootDirectory.java:364)
	at net.thucydides.core.requirements.FileSystemRequirementsTagProvider.requirementWithMatchingPath(FileSystemRequirementsTagProvider.java:372)
	at net.thucydides.core.requirements.FileSystemRequirementsTagProvider.getParentRequirementOf(FileSystemRequirementsTagProvider.java:335)
	at net.thucydides.core.requirements.ParentRequirementsProvided.forOutcome(ParentRequirementsProvided.java:26)
	at net.thucydides.core.requirements.BaseRequirementsService.getParentRequirementOf(BaseRequirementsService.java:139)
	at net.thucydides.core.requirements.BaseRequirementsService.getAncestorRequirementsFor(BaseRequirementsService.java:79)
	at net.thucydides.core.reports.html.HtmlAcceptanceTestReporter.addBreadcrumbs(HtmlAcceptanceTestReporter.java:224)
	at net.thucydides.core.reports.html.HtmlAcceptanceTestReporter.addParentRequirmentFieldToContext(HtmlAcceptanceTestReporter.java:212)
	at net.thucydides.core.reports.html.HtmlAcceptanceTestReporter.addTestOutcomeToContext(HtmlAcceptanceTestReporter.java:188)
	at net.thucydides.core.reports.html.HtmlAcceptanceTestReporter.generateScreenshotReportsFor(HtmlAcceptanceTestReporter.java:252)
	at net.thucydides.core.reports.html.HtmlAcceptanceTestReporter.generateReportFor(HtmlAcceptanceTestReporter.java:107)
	at net.thucydides.core.reports.ReportService.generateReportFor(ReportService.java:246)
	at net.thucydides.core.reports.ReportService.lambda$generateReportsFor$0(ReportService.java:184)
	at java.base/java.util.concurrent.Executors$RunnableAdapter.call(Executors.java:515)
	at java.base/java.util.concurrent.FutureTask.run(FutureTask.java:264)
	at java.base/java.util.concurrent.ThreadPoolExecutor.runWorker(ThreadPoolExecutor.java:1128)
	at java.base/java.util.concurrent.ThreadPoolExecutor$Worker.run(ThreadPoolExecutor.java:628)
	at java.base/java.lang.Thread.run(Thread.java:834)
10:02:24.496 [pool-2-thread-1] WARN net.thucydides.core.requirements.RequirementsTagProvider - Failed to load requirements: Illegal char <:> at index 4: file:\C:\Users\USER\Documents\CHOUCAIR\RetoTecnicoExito\src\test\resources\Features\CompraExito.feature
java.nio.file.InvalidPathException: Illegal char <:> at index 4: file:\C:\Users\USER\Documents\CHOUCAIR\RetoTecnicoExito\src\test\resources\Features\CompraExito.feature
	at java.base/sun.nio.fs.WindowsPathParser.normalize(WindowsPathParser.java:182)
	at java.base/sun.nio.fs.WindowsPathParser.parse(WindowsPathParser.java:153)
	at java.base/sun.nio.fs.WindowsPathParser.parse(WindowsPathParser.java:77)
	at java.base/sun.nio.fs.WindowsPath.parse(WindowsPath.java:92)
	at java.base/sun.nio.fs.WindowsFileSystem.getPath(WindowsFileSystem.java:229)
	at java.base/java.io.File.toPath(File.java:2329)
	at net.thucydides.core.requirements.RootDirectory.getRelativePathOf(RootDirectory.java:364)
	at net.thucydides.core.requirements.FileSystemRequirementsTagProvider.requirementWithMatchingPath(FileSystemRequirementsTagProvider.java:372)
	at net.thucydides.core.requirements.FileSystemRequirementsTagProvider.getParentRequirementOf(FileSystemRequirementsTagProvider.java:335)
	at net.thucydides.core.requirements.ParentRequirementsProvided.forOutcome(ParentRequirementsProvided.java:26)
	at net.thucydides.core.requirements.BaseRequirementsService.getParentRequirementOf(BaseRequirementsService.java:139)
	at net.thucydides.core.requirements.BaseRequirementsService.getAncestorRequirementsFor(BaseRequirementsService.java:79)
	at net.thucydides.core.tags.BreadcrumbTagFilter.getRequirementBreadcrumbsFrom(BreadcrumbTagFilter.java:51)
	at net.thucydides.core.reports.html.HtmlAcceptanceTestReporter.addBreadcrumbs(HtmlAcceptanceTestReporter.java:225)
	at net.thucydides.core.reports.html.HtmlAcceptanceTestReporter.addParentRequirmentFieldToContext(HtmlAcceptanceTestReporter.java:212)
	at net.thucydides.core.reports.html.HtmlAcceptanceTestReporter.addTestOutcomeToContext(HtmlAcceptanceTestReporter.java:188)
	at net.thucydides.core.reports.html.HtmlAcceptanceTestReporter.generateScreenshotReportsFor(HtmlAcceptanceTestReporter.java:252)
	at net.thucydides.core.reports.html.HtmlAcceptanceTestReporter.generateReportFor(HtmlAcceptanceTestReporter.java:107)
	at net.thucydides.core.reports.ReportService.generateReportFor(ReportService.java:246)
	at net.thucydides.core.reports.ReportService.lambda$generateReportsFor$0(ReportService.java:184)
	at java.base/java.util.concurrent.Executors$RunnableAdapter.call(Executors.java:515)
	at java.base/java.util.concurrent.FutureTask.run(FutureTask.java:264)
	at java.base/java.util.concurrent.ThreadPoolExecutor.runWorker(ThreadPoolExecutor.java:1128)
	at java.base/java.util.concurrent.ThreadPoolExecutor$Worker.run(ThreadPoolExecutor.java:628)
	at java.base/java.lang.Thread.run(Thread.java:834)
10:02:25.148 [pool-2-thread-1] DEBUG net.thucydides.core.reports.ReportService - Processing test outcome Selección aleatoria de productos:El robot selecciona aleatoriamente 5 productos de una categoría y subcategoría específicas done
10:02:25.148 [Test worker] DEBUG net.thucydides.core.reports.ReportService - Shutting down executor service
10:02:25.148 [Test worker] DEBUG net.thucydides.core.reports.ReportService - Reports generated in: 704 ms
10:02:25.196 [Test worker] DEBUG net.serenitybdd.core.photography.Darkroom - Closing darkroom
10:02:25.196 [Darkroom Processing Line] DEBUG net.serenitybdd.core.photography.DarkroomProcessingLine - Darkroom processing line shutting down
10:02:25.201 [Test worker] DEBUG net.serenitybdd.core.photography.Darkroom - Closing darkroom
]]></system-out>
  <system-err><![CDATA[?[32m?[1m??????????????????????????????????????????????????????????????????????????????????????[0m
?[32m?[1m??[0m Share your Cucumber Report with your team at ?[36m?[1m?[4mhttps://reports.cucumber.io?[0m          ?[32m?[1m??[0m
?[32m?[1m??[0m Activate publishing with one of the following:                                    ?[32m?[1m??[0m
?[32m?[1m??[0m                                                                                   ?[32m?[1m??[0m
?[32m?[1m??[0m src/test/resources/cucumber.properties:          ?[36mcucumber.publish.enabled?[0m=?[36mtrue?[0m    ?[32m?[1m??[0m
?[32m?[1m??[0m src/test/resources/junit-platform.properties:    ?[36mcucumber.publish.enabled?[0m=?[36mtrue?[0m    ?[32m?[1m??[0m
?[32m?[1m??[0m Environment variable:                            ?[36mCUCUMBER_PUBLISH_ENABLED?[0m=?[36mtrue?[0m    ?[32m?[1m??[0m
?[32m?[1m??[0m JUnit:                                           ?[36m@CucumberOptions?[0m(publish = ?[36mtrue?[0m) ?[32m?[1m??[0m
?[32m?[1m??[0m                                                                                   ?[32m?[1m??[0m
?[32m?[1m??[0m More information at ?[36mhttps://cucumber.io/docs/cucumber/environment-variables/?[0m      ?[32m?[1m??[0m
?[32m?[1m??[0m                                                                                   ?[32m?[1m??[0m
?[32m?[1m??[0m Disable this message with one of the following:                                   ?[32m?[1m??[0m
?[32m?[1m??[0m                                                                                   ?[32m?[1m??[0m
?[32m?[1m??[0m src/test/resources/cucumber.properties:          ?[36mcucumber.publish.quiet?[0m=?[36mtrue?[0m      ?[32m?[1m??[0m
?[32m?[1m??[0m src/test/resources/junit-platform.properties:    ?[36mcucumber.publish.quiet?[0m=?[36mtrue?[0m      ?[32m?[1m??[0m
?[32m?[1m??????????????????????????????????????????????????????????????????????????????????????[0m
]]></system-err>
</testsuite>
