<?xml version="1.0" encoding="UTF-8"?><testsuite errors="1" failures="0" name="Selección aleatoria de productos" skipped="0" tests="1" time="38.83" timestamp="2023-04-24 10:01:44"><testcase name="El robot selecciona aleatoriamente 5 productos de una categoría y subcategoría específicas"><error message="element click intercepted: Element &lt;span class=&quot;w-100 h-100&quot;&gt;...&lt;/span&gt; is not clickable at point (598, 21). Other element would receive the click: &lt;input class=&quot;vtex-styleguide-9-x-input ma0 border-box vtex-styleguide-9-x-hideDecorators vtex-styleguide-9-x-noAppearance br2  br-0 br--left  w-100 bn outline-0 bg-base c-on-base b--muted-4 hover-b--muted-3 t-body pl5 &quot; autocomplete=&quot;off&quot; placeholder=&quot;Buscar en exito.com&quot; type=&quot;text&quot; id=&quot;downshift-1-input&quot; value=&quot;&quot;&gt;&#10;  (Session info: chrome=112.0.5615.138)&#10;Build info: version: '4.3.0', revision: 'a4995e2c09*'&#10;System info: host: 'DESKTOP-1N8HQUP', ip: '192.168.1.104', os.name: 'Windows 10', os.arch: 'amd64', os.version: '10.0', java.version: '11.0.12'&#10;Driver info: org.openqa.selenium.chrome.ChromeDriver&#10;Command: [247ce7be8a1237cabf02c09d2a409ca4, clickElement {id=4af683ba-963b-427c-81d3-25576068c02b}]&#10;Capabilities {acceptInsecureCerts: false, browserName: chrome, browserVersion: 112.0.5615.138, chrome: {chromedriverVersion: 112.0.5615.49 (bd2a7bcb881c..., userDataDir: C:\Users\USER\AppData\Local...}, goog:chromeOptions: {debuggerAddress: localhost:53510}, networkConnectionEnabled: false, pageLoadStrategy: normal, platformName: WINDOWS, proxy: Proxy(), se:cdp: ws://localhost:53510/devtoo..., se:cdpVersion: 112.0.5615.138, setWindowRect: true, strictFileInteractability: false, timeouts: {implicit: 0, pageLoad: 300000, script: 30000}, unhandledPromptBehavior: dismiss and notify, webauthn:extension:credBlob: true, webauthn:extension:largeBlob: true, webauthn:extension:minPinLength: true, webauthn:extension:prf: true, webauthn:virtualAuthenticators: true}&#10;Element: [[ChromeDriver: chrome on WINDOWS (247ce7be8a1237cabf02c09d2a409ca4)] -&gt; xpath: //span[contains(@class,'w-100 h-100')][normalize-space()='Compra rápida']]&#10;Session ID: 247ce7be8a1237cabf02c09d2a409ca4" type="org.openqa.selenium.ElementClickInterceptedException">element click intercepted: Element &lt;span class="w-100 h-100"&gt;...&lt;/span&gt; is not clickable at point (598, 21). Other element would receive the click: &lt;input class="vtex-styleguide-9-x-input ma0 border-box vtex-styleguide-9-x-hideDecorators vtex-styleguide-9-x-noAppearance br2  br-0 br--left  w-100 bn outline-0 bg-base c-on-base b--muted-4 hover-b--muted-3 t-body pl5 " autocomplete="off" placeholder="Buscar en exito.com" type="text" id="downshift-1-input" value=""&gt;
  (Session info: chrome=112.0.5615.138)
Build info: version: '4.3.0', revision: 'a4995e2c09*'
System info: host: 'DESKTOP-1N8HQUP', ip: '192.168.1.104', os.name: 'Windows 10', os.arch: 'amd64', os.version: '10.0', java.version: '11.0.12'
Driver info: org.openqa.selenium.chrome.ChromeDriver
Command: [247ce7be8a1237cabf02c09d2a409ca4, clickElement {id=4af683ba-963b-427c-81d3-25576068c02b}]
Capabilities {acceptInsecureCerts: false, browserName: chrome, browserVersion: 112.0.5615.138, chrome: {chromedriverVersion: 112.0.5615.49 (bd2a7bcb881c..., userDataDir: C:\Users\USER\AppData\Local...}, goog:chromeOptions: {debuggerAddress: localhost:53510}, networkConnectionEnabled: false, pageLoadStrategy: normal, platformName: WINDOWS, proxy: Proxy(), se:cdp: ws://localhost:53510/devtoo..., se:cdpVersion: 112.0.5615.138, setWindowRect: true, strictFileInteractability: false, timeouts: {implicit: 0, pageLoad: 300000, script: 30000}, unhandledPromptBehavior: dismiss and notify, webauthn:extension:credBlob: true, webauthn:extension:largeBlob: true, webauthn:extension:minPinLength: true, webauthn:extension:prf: true, webauthn:virtualAuthenticators: true}
Element: [[ChromeDriver: chrome on WINDOWS (247ce7be8a1237cabf02c09d2a409ca4)] -&gt; xpath: //span[contains(@class,'w-100 h-100')][normalize-space()='Compra rápida']]
Session ID: 247ce7be8a1237cabf02c09d2a409ca4</error><system-err>element click intercepted: Element &lt;span class="w-100 h-100"&gt;...&lt;/span&gt; is not clickable at point (598, 21). Other element would receive the click: &lt;input class="vtex-styleguide-9-x-input ma0 border-box vtex-styleguide-9-x-hideDecorators vtex-styleguide-9-x-noAppearance br2  br-0 br--left  w-100 bn outline-0 bg-base c-on-base b--muted-4 hover-b--muted-3 t-body pl5 " autocomplete="off" placeholder="Buscar en exito.com" type="text" id="downshift-1-input" value=""&gt;
  (Session info: chrome=112.0.5615.138)
Build info: version: '4.3.0', revision: 'a4995e2c09*'
System info: host: 'DESKTOP-1N8HQUP', ip: '192.168.1.104', os.name: 'Windows 10', os.arch: 'amd64', os.version: '10.0', java.version: '11.0.12'
Driver info: org.openqa.selenium.chrome.ChromeDriver
Command: [247ce7be8a1237cabf02c09d2a409ca4, clickElement {id=4af683ba-963b-427c-81d3-25576068c02b}]
Capabilities {acceptInsecureCerts: false, browserName: chrome, browserVersion: 112.0.5615.138, chrome: {chromedriverVersion: 112.0.5615.49 (bd2a7bcb881c..., userDataDir: C:\Users\USER\AppData\Local...}, goog:chromeOptions: {debuggerAddress: localhost:53510}, networkConnectionEnabled: false, pageLoadStrategy: normal, platformName: WINDOWS, proxy: Proxy(), se:cdp: ws://localhost:53510/devtoo..., se:cdpVersion: 112.0.5615.138, setWindowRect: true, strictFileInteractability: false, timeouts: {implicit: 0, pageLoad: 300000, script: 30000}, unhandledPromptBehavior: dismiss and notify, webauthn:extension:credBlob: true, webauthn:extension:largeBlob: true, webauthn:extension:minPinLength: true, webauthn:extension:prf: true, webauthn:virtualAuthenticators: true}
Element: [[ChromeDriver: chrome on WINDOWS (247ce7be8a1237cabf02c09d2a409ca4)] -&gt; xpath: //span[contains(@class,'w-100 h-100')][normalize-space()='Compra rápida']]
Session ID: 247ce7be8a1237cabf02c09d2a409ca4&#13;
tasks.TiendasExitoProductSelectionTasks.performAs(TiendasExitoProductSelectionTasks.java:40)&#13;
stepdefinitions.TiendasExitoSteps.elUsuarioEligeProductosAlAzar(TiendasExitoSteps.java:48)&#13;
io.cucumber.java.Invoker.doInvoke(Invoker.java:66)&#13;
io.cucumber.java.Invoker.invoke(Invoker.java:24)&#13;
io.cucumber.java.AbstractGlueDefinition.invokeMethod(AbstractGlueDefinition.java:47)&#13;
io.cucumber.java.JavaStepDefinition.execute(JavaStepDefinition.java:29)&#13;
io.cucumber.core.runner.CoreStepDefinition.execute(CoreStepDefinition.java:66)&#13;
io.cucumber.core.runner.PickleStepDefinitionMatch.runStep(PickleStepDefinitionMatch.java:63)&#13;
io.cucumber.core.runner.TestStep.executeStep(TestStep.java:84)&#13;
io.cucumber.core.runner.TestStep.run(TestStep.java:56)&#13;
io.cucumber.core.runner.PickleStepTestStep.run(PickleStepTestStep.java:51)&#13;
io.cucumber.core.runner.TestCase.run(TestCase.java:84)&#13;
io.cucumber.core.runner.Runner.runPickle(Runner.java:75)&#13;
io.cucumber.core.runtime.CucumberExecutionContext.lambda$runTestCase$5(CucumberExecutionContext.java:130)&#13;
io.cucumber.core.runtime.RethrowingThrowableCollector.executeAndThrow(RethrowingThrowableCollector.java:23)&#13;
io.cucumber.core.runtime.CucumberExecutionContext.runTestCase(CucumberExecutionContext.java:130)&#13;
io.cucumber.junit.FeatureRunner.runChild(FeatureRunner.java:144)&#13;
io.cucumber.junit.FeatureRunner.runChild(FeatureRunner.java:28)&#13;
io.cucumber.junit.FeatureRunner.run(FeatureRunner.java:137)&#13;
io.cucumber.junit.CucumberSerenityRunner.runChild(CucumberSerenityRunner.java:259)&#13;
io.cucumber.junit.CucumberSerenityRunner.runChild(CucumberSerenityRunner.java:59)&#13;
worker.org.gradle.process.internal.worker.GradleWorkerMain.run(GradleWorkerMain.java:69)&#13;
worker.org.gradle.process.internal.worker.GradleWorkerMain.main(GradleWorkerMain.java:74)&#13;
</system-err></testcase></testsuite>